

Started GET "/" for 127.0.0.1 at 2014-07-23 16:22:20 -0500
Processing by Rails::WelcomeController#index as HTML
  Rendered /Users/mr5080/.rbenv/versions/2.1.2/lib/ruby/gems/2.1.0/gems/railties-4.1.4/lib/rails/templates/rails/welcome/index.html.erb (2.5ms)
Completed 200 OK in 72ms (Views: 45.7ms | ActiveRecord: 0.0ms)
  [1m[36mQuestion Load (0.7ms)[0m  [1mSELECT "questions".* FROM "questions"[0m
SQLite3::SQLException: no such table: questions: SELECT "questions".* FROM "questions"
  [1m[36m (1.5ms)[0m  [1mCREATE TABLE "schema_migrations" ("version" varchar(255) NOT NULL) [0m
  [1m[35m (0.3ms)[0m  select sqlite_version(*)
  [1m[36m (1.5ms)[0m  [1mCREATE UNIQUE INDEX "unique_schema_migrations" ON "schema_migrations" ("version")[0m
  [1m[35mActiveRecord::SchemaMigration Load (0.1ms)[0m  SELECT "schema_migrations".* FROM "schema_migrations"
Migrating to InitialSchema (20140723213940)
  [1m[36m (0.1ms)[0m  [1mbegin transaction[0m
  [1m[35m (0.6ms)[0m  CREATE TABLE "questions" ("id" INTEGER PRIMARY KEY AUTOINCREMENT NOT NULL, "title" varchar(255), "body" text, "user_id" integer, "tags" varchar(255), "solved_index" integer DEFAULT -1, "created_at" datetime, "updated_at" datetime) 
  [1m[36m (0.2ms)[0m  [1mCREATE TABLE "comments" ("id" INTEGER PRIMARY KEY AUTOINCREMENT NOT NULL, "user_id" integer, "question_id" integer, "body" text, "created_at" datetime, "updated_at" datetime) [0m
  [1m[35m (0.2ms)[0m  CREATE TABLE "answers" ("id" INTEGER PRIMARY KEY AUTOINCREMENT NOT NULL, "user_id" integer, "question_id" integer, "body" text, "created_at" datetime, "updated_at" datetime) 
  [1m[36m (0.2ms)[0m  [1mCREATE TABLE "users" ("id" INTEGER PRIMARY KEY AUTOINCREMENT NOT NULL, "attuid" varchar(255), "password" varchar(255)) [0m
  [1m[35mSQL (0.2ms)[0m  INSERT INTO "schema_migrations" ("version") VALUES (?)  [["version", "20140723213940"]]
  [1m[36m (1.5ms)[0m  [1mcommit transaction[0m
  [1m[35mActiveRecord::SchemaMigration Load (0.1ms)[0m  SELECT "schema_migrations".* FROM "schema_migrations"
  [1m[36mQuestion Load (1.9ms)[0m  [1mSELECT "questions".* FROM "questions"[0m
  [1m[36m (0.2ms)[0m  [1mbegin transaction[0m
  [1m[35mSQL (54.5ms)[0m  INSERT INTO "users" ("attuid", "password") VALUES (?, ?)  [["attuid", "mr5080"], ["password", "123"]]
  [1m[36m (19.4ms)[0m  [1mcommit transaction[0m
  [1m[35mUser Load (93.0ms)[0m  SELECT "users".* FROM "users"


Started GET "/" for 127.0.0.1 at 2014-07-23 19:58:31 -0500
  [1m[36mActiveRecord::SchemaMigration Load (0.3ms)[0m  [1mSELECT "schema_migrations".* FROM "schema_migrations"[0m
Processing by Rails::WelcomeController#index as HTML
  Rendered /Users/mr5080/.rbenv/versions/2.1.2/lib/ruby/gems/2.1.0/gems/railties-4.1.4/lib/rails/templates/rails/welcome/index.html.erb (3.0ms)
Completed 200 OK in 87ms (Views: 39.0ms | ActiveRecord: 0.0ms)


Started GET "/users" for 127.0.0.1 at 2014-07-23 19:58:43 -0500
Processing by UsersController#index as HTML
  [1m[35mUser Load (20.1ms)[0m  SELECT "users".* FROM "users"
  Rendered users/index.html.erb within layouts/application (61.2ms)
Completed 200 OK in 2779ms (Views: 2756.0ms | ActiveRecord: 20.6ms)


Started GET "/assets/scaffolds.css?body=1" for 127.0.0.1 at 2014-07-23 19:58:46 -0500


Started GET "/assets/comments.css?body=1" for 127.0.0.1 at 2014-07-23 19:58:46 -0500


Started GET "/assets/users.css?body=1" for 127.0.0.1 at 2014-07-23 19:58:46 -0500


Started GET "/assets/application.css?body=1" for 127.0.0.1 at 2014-07-23 19:58:46 -0500


Started GET "/assets/turbolinks.js?body=1" for 127.0.0.1 at 2014-07-23 19:58:46 -0500


Started GET "/assets/questions.css?body=1" for 127.0.0.1 at 2014-07-23 19:58:46 -0500


Started GET "/assets/comments.js?body=1" for 127.0.0.1 at 2014-07-23 19:58:46 -0500


Started GET "/assets/welcome.css?body=1" for 127.0.0.1 at 2014-07-23 19:58:46 -0500


Started GET "/assets/answers.css?body=1" for 127.0.0.1 at 2014-07-23 19:58:46 -0500


Started GET "/assets/jquery_ujs.js?body=1" for 127.0.0.1 at 2014-07-23 19:58:46 -0500


Started GET "/assets/jquery.js?body=1" for 127.0.0.1 at 2014-07-23 19:58:46 -0500


Started GET "/assets/answers.js?body=1" for 127.0.0.1 at 2014-07-23 19:58:46 -0500


Started GET "/assets/questions.js?body=1" for 127.0.0.1 at 2014-07-23 19:58:47 -0500


Started GET "/assets/users.js?body=1" for 127.0.0.1 at 2014-07-23 19:58:47 -0500


Started GET "/assets/welcome.js?body=1" for 127.0.0.1 at 2014-07-23 19:58:47 -0500


Started GET "/assets/application.js?body=1" for 127.0.0.1 at 2014-07-23 19:58:47 -0500


Started GET "/users/new" for 127.0.0.1 at 2014-07-23 19:59:14 -0500
Processing by UsersController#new as HTML
  Rendered users/_form.html.erb (98.4ms)
  Rendered users/new.html.erb within layouts/application (116.4ms)
Completed 200 OK in 173ms (Views: 167.6ms | ActiveRecord: 0.0ms)


Started POST "/users" for 127.0.0.1 at 2014-07-23 19:59:19 -0500
Processing by UsersController#create as HTML
  Parameters: {"utf8"=>"✓", "authenticity_token"=>"aaED1KP9a0ddyPx2p6PIDPac5/p6wixCIvebvNbPDE4=", "commit"=>"Create User"}
  [1m[36m (0.1ms)[0m  [1mbegin transaction[0m
  [1m[35mSQL (23.5ms)[0m  INSERT INTO "users" DEFAULT VALUES
  [1m[36m (19.7ms)[0m  [1mcommit transaction[0m
Redirected to http://localhost:3000/users/2
Completed 302 Found in 48ms (ActiveRecord: 43.3ms)


Started GET "/users/2" for 127.0.0.1 at 2014-07-23 19:59:19 -0500
Processing by UsersController#show as HTML
  Parameters: {"id"=>"2"}
  [1m[35mUser Load (0.2ms)[0m  SELECT  "users".* FROM "users"  WHERE "users"."id" = ? LIMIT 1  [["id", 2]]
  Rendered users/show.html.erb within layouts/application (1.0ms)
Completed 200 OK in 47ms (Views: 44.4ms | ActiveRecord: 0.2ms)


Started GET "/users" for 127.0.0.1 at 2014-07-23 19:59:26 -0500
Processing by UsersController#index as HTML
  [1m[36mUser Load (0.2ms)[0m  [1mSELECT "users".* FROM "users"[0m
  Rendered users/index.html.erb within layouts/application (5.5ms)
Completed 200 OK in 15ms (Views: 13.7ms | ActiveRecord: 0.2ms)


Started DELETE "/users/2" for 127.0.0.1 at 2014-07-23 19:59:30 -0500
Processing by UsersController#destroy as HTML
  Parameters: {"authenticity_token"=>"aaED1KP9a0ddyPx2p6PIDPac5/p6wixCIvebvNbPDE4=", "id"=>"2"}
  [1m[35mUser Load (0.1ms)[0m  SELECT  "users".* FROM "users"  WHERE "users"."id" = ? LIMIT 1  [["id", 2]]
  [1m[36m (0.1ms)[0m  [1mbegin transaction[0m
  [1m[35mSQL (0.4ms)[0m  DELETE FROM "users" WHERE "users"."id" = ?  [["id", 2]]
  [1m[36m (18.7ms)[0m  [1mcommit transaction[0m
Redirected to http://localhost:3000/users
Completed 302 Found in 64ms (ActiveRecord: 19.3ms)


Started GET "/users" for 127.0.0.1 at 2014-07-23 19:59:30 -0500
Processing by UsersController#index as HTML
  [1m[35mUser Load (0.2ms)[0m  SELECT "users".* FROM "users"
  Rendered users/index.html.erb within layouts/application (1.4ms)
Completed 200 OK in 10ms (Views: 8.8ms | ActiveRecord: 0.2ms)


Started DELETE "/users/1" for 127.0.0.1 at 2014-07-23 19:59:32 -0500
Processing by UsersController#destroy as HTML
  Parameters: {"authenticity_token"=>"aaED1KP9a0ddyPx2p6PIDPac5/p6wixCIvebvNbPDE4=", "id"=>"1"}
  [1m[36mUser Load (0.2ms)[0m  [1mSELECT  "users".* FROM "users"  WHERE "users"."id" = ? LIMIT 1[0m  [["id", 1]]
  [1m[35m (0.1ms)[0m  begin transaction
  [1m[36mSQL (0.9ms)[0m  [1mDELETE FROM "users" WHERE "users"."id" = ?[0m  [["id", 1]]
  [1m[35m (2.6ms)[0m  commit transaction
Redirected to http://localhost:3000/users
Completed 302 Found in 8ms (ActiveRecord: 3.7ms)


Started GET "/users" for 127.0.0.1 at 2014-07-23 19:59:32 -0500
Processing by UsersController#index as HTML
  [1m[36mUser Load (0.2ms)[0m  [1mSELECT "users".* FROM "users"[0m
  Rendered users/index.html.erb within layouts/application (0.7ms)
Completed 200 OK in 9ms (Views: 7.6ms | ActiveRecord: 0.2ms)


Started POST "/users" for 127.0.0.1 at 2014-07-23 20:27:07 -0500
  [1m[35mActiveRecord::SchemaMigration Load (0.1ms)[0m  SELECT "schema_migrations".* FROM "schema_migrations"
Processing by UsersController#create as */*
  Parameters: {"attuid"=>"mr5080&password=123"}
Can't verify CSRF token authenticity
Completed 422 Unprocessable Entity in 1ms

ActionController::InvalidAuthenticityToken (ActionController::InvalidAuthenticityToken):
  actionpack (4.1.4) lib/action_controller/metal/request_forgery_protection.rb:176:in `handle_unverified_request'
  actionpack (4.1.4) lib/action_controller/metal/request_forgery_protection.rb:202:in `handle_unverified_request'
  actionpack (4.1.4) lib/action_controller/metal/request_forgery_protection.rb:197:in `verify_authenticity_token'
  activesupport (4.1.4) lib/active_support/callbacks.rb:424:in `block in make_lambda'
  activesupport (4.1.4) lib/active_support/callbacks.rb:160:in `call'
  activesupport (4.1.4) lib/active_support/callbacks.rb:160:in `block in halting'
  activesupport (4.1.4) lib/active_support/callbacks.rb:86:in `call'
  activesupport (4.1.4) lib/active_support/callbacks.rb:86:in `run_callbacks'
  actionpack (4.1.4) lib/abstract_controller/callbacks.rb:19:in `process_action'
  actionpack (4.1.4) lib/action_controller/metal/rescue.rb:29:in `process_action'
  actionpack (4.1.4) lib/action_controller/metal/instrumentation.rb:31:in `block in process_action'
  activesupport (4.1.4) lib/active_support/notifications.rb:159:in `block in instrument'
  activesupport (4.1.4) lib/active_support/notifications/instrumenter.rb:20:in `instrument'
  activesupport (4.1.4) lib/active_support/notifications.rb:159:in `instrument'
  actionpack (4.1.4) lib/action_controller/metal/instrumentation.rb:30:in `process_action'
  actionpack (4.1.4) lib/action_controller/metal/params_wrapper.rb:250:in `process_action'
  activerecord (4.1.4) lib/active_record/railties/controller_runtime.rb:18:in `process_action'
  actionpack (4.1.4) lib/abstract_controller/base.rb:136:in `process'
  actionview (4.1.4) lib/action_view/rendering.rb:30:in `process'
  actionpack (4.1.4) lib/action_controller/metal.rb:196:in `dispatch'
  actionpack (4.1.4) lib/action_controller/metal/rack_delegation.rb:13:in `dispatch'
  actionpack (4.1.4) lib/action_controller/metal.rb:232:in `block in action'
  actionpack (4.1.4) lib/action_dispatch/routing/route_set.rb:82:in `call'
  actionpack (4.1.4) lib/action_dispatch/routing/route_set.rb:82:in `dispatch'
  actionpack (4.1.4) lib/action_dispatch/routing/route_set.rb:50:in `call'
  actionpack (4.1.4) lib/action_dispatch/journey/router.rb:71:in `block in call'
  actionpack (4.1.4) lib/action_dispatch/journey/router.rb:59:in `each'
  actionpack (4.1.4) lib/action_dispatch/journey/router.rb:59:in `call'
  actionpack (4.1.4) lib/action_dispatch/routing/route_set.rb:678:in `call'
  rack (1.5.2) lib/rack/etag.rb:23:in `call'
  rack (1.5.2) lib/rack/conditionalget.rb:35:in `call'
  rack (1.5.2) lib/rack/head.rb:11:in `call'
  actionpack (4.1.4) lib/action_dispatch/middleware/params_parser.rb:27:in `call'
  actionpack (4.1.4) lib/action_dispatch/middleware/flash.rb:254:in `call'
  rack (1.5.2) lib/rack/session/abstract/id.rb:225:in `context'
  rack (1.5.2) lib/rack/session/abstract/id.rb:220:in `call'
  actionpack (4.1.4) lib/action_dispatch/middleware/cookies.rb:560:in `call'
  activerecord (4.1.4) lib/active_record/query_cache.rb:36:in `call'
  activerecord (4.1.4) lib/active_record/connection_adapters/abstract/connection_pool.rb:621:in `call'
  activerecord (4.1.4) lib/active_record/migration.rb:380:in `call'
  actionpack (4.1.4) lib/action_dispatch/middleware/callbacks.rb:29:in `block in call'
  activesupport (4.1.4) lib/active_support/callbacks.rb:82:in `run_callbacks'
  actionpack (4.1.4) lib/action_dispatch/middleware/callbacks.rb:27:in `call'
  actionpack (4.1.4) lib/action_dispatch/middleware/reloader.rb:73:in `call'
  actionpack (4.1.4) lib/action_dispatch/middleware/remote_ip.rb:76:in `call'
  actionpack (4.1.4) lib/action_dispatch/middleware/debug_exceptions.rb:17:in `call'
  actionpack (4.1.4) lib/action_dispatch/middleware/show_exceptions.rb:30:in `call'
  railties (4.1.4) lib/rails/rack/logger.rb:38:in `call_app'
  railties (4.1.4) lib/rails/rack/logger.rb:20:in `block in call'
  activesupport (4.1.4) lib/active_support/tagged_logging.rb:68:in `block in tagged'
  activesupport (4.1.4) lib/active_support/tagged_logging.rb:26:in `tagged'
  activesupport (4.1.4) lib/active_support/tagged_logging.rb:68:in `tagged'
  railties (4.1.4) lib/rails/rack/logger.rb:20:in `call'
  actionpack (4.1.4) lib/action_dispatch/middleware/request_id.rb:21:in `call'
  rack (1.5.2) lib/rack/methodoverride.rb:21:in `call'
  rack (1.5.2) lib/rack/runtime.rb:17:in `call'
  activesupport (4.1.4) lib/active_support/cache/strategy/local_cache_middleware.rb:26:in `call'
  rack (1.5.2) lib/rack/lock.rb:17:in `call'
  actionpack (4.1.4) lib/action_dispatch/middleware/static.rb:64:in `call'
  rack (1.5.2) lib/rack/sendfile.rb:112:in `call'
  railties (4.1.4) lib/rails/engine.rb:514:in `call'
  railties (4.1.4) lib/rails/application.rb:144:in `call'
  rack (1.5.2) lib/rack/lock.rb:17:in `call'
  rack (1.5.2) lib/rack/content_length.rb:14:in `call'
  rack (1.5.2) lib/rack/handler/webrick.rb:60:in `service'
  /Users/mr5080/.rbenv/versions/2.1.2/lib/ruby/2.1.0/webrick/httpserver.rb:138:in `service'
  /Users/mr5080/.rbenv/versions/2.1.2/lib/ruby/2.1.0/webrick/httpserver.rb:94:in `run'
  /Users/mr5080/.rbenv/versions/2.1.2/lib/ruby/2.1.0/webrick/server.rb:295:in `block in start_thread'


  Rendered /Users/mr5080/.rbenv/versions/2.1.2/lib/ruby/gems/2.1.0/gems/actionpack-4.1.4/lib/action_dispatch/middleware/templates/rescues/_source.erb (0.6ms)
  Rendered /Users/mr5080/.rbenv/versions/2.1.2/lib/ruby/gems/2.1.0/gems/actionpack-4.1.4/lib/action_dispatch/middleware/templates/rescues/_trace.html.erb (1.4ms)
  Rendered /Users/mr5080/.rbenv/versions/2.1.2/lib/ruby/gems/2.1.0/gems/actionpack-4.1.4/lib/action_dispatch/middleware/templates/rescues/_request_and_response.html.erb (1.1ms)
  Rendered /Users/mr5080/.rbenv/versions/2.1.2/lib/ruby/gems/2.1.0/gems/actionpack-4.1.4/lib/action_dispatch/middleware/templates/rescues/diagnostics.erb within rescues/layout (25.4ms)


Started POST "/users/new.json" for 127.0.0.1 at 2014-07-23 20:27:59 -0500

ActionController::RoutingError (No route matches [POST] "/users/new.json"):
  actionpack (4.1.4) lib/action_dispatch/middleware/debug_exceptions.rb:21:in `call'
  actionpack (4.1.4) lib/action_dispatch/middleware/show_exceptions.rb:30:in `call'
  railties (4.1.4) lib/rails/rack/logger.rb:38:in `call_app'
  railties (4.1.4) lib/rails/rack/logger.rb:20:in `block in call'
  activesupport (4.1.4) lib/active_support/tagged_logging.rb:68:in `block in tagged'
  activesupport (4.1.4) lib/active_support/tagged_logging.rb:26:in `tagged'
  activesupport (4.1.4) lib/active_support/tagged_logging.rb:68:in `tagged'
  railties (4.1.4) lib/rails/rack/logger.rb:20:in `call'
  actionpack (4.1.4) lib/action_dispatch/middleware/request_id.rb:21:in `call'
  rack (1.5.2) lib/rack/methodoverride.rb:21:in `call'
  rack (1.5.2) lib/rack/runtime.rb:17:in `call'
  activesupport (4.1.4) lib/active_support/cache/strategy/local_cache_middleware.rb:26:in `call'
  rack (1.5.2) lib/rack/lock.rb:17:in `call'
  actionpack (4.1.4) lib/action_dispatch/middleware/static.rb:64:in `call'
  rack (1.5.2) lib/rack/sendfile.rb:112:in `call'
  railties (4.1.4) lib/rails/engine.rb:514:in `call'
  railties (4.1.4) lib/rails/application.rb:144:in `call'
  rack (1.5.2) lib/rack/lock.rb:17:in `call'
  rack (1.5.2) lib/rack/content_length.rb:14:in `call'
  rack (1.5.2) lib/rack/handler/webrick.rb:60:in `service'
  /Users/mr5080/.rbenv/versions/2.1.2/lib/ruby/2.1.0/webrick/httpserver.rb:138:in `service'
  /Users/mr5080/.rbenv/versions/2.1.2/lib/ruby/2.1.0/webrick/httpserver.rb:94:in `run'
  /Users/mr5080/.rbenv/versions/2.1.2/lib/ruby/2.1.0/webrick/server.rb:295:in `block in start_thread'


  Rendered /Users/mr5080/.rbenv/versions/2.1.2/lib/ruby/gems/2.1.0/gems/actionpack-4.1.4/lib/action_dispatch/middleware/templates/rescues/_trace.html.erb (1.2ms)
  Rendered /Users/mr5080/.rbenv/versions/2.1.2/lib/ruby/gems/2.1.0/gems/actionpack-4.1.4/lib/action_dispatch/middleware/templates/routes/_route.html.erb (4.0ms)
  Rendered /Users/mr5080/.rbenv/versions/2.1.2/lib/ruby/gems/2.1.0/gems/actionpack-4.1.4/lib/action_dispatch/middleware/templates/routes/_table.html.erb (39.0ms)
  Rendered /Users/mr5080/.rbenv/versions/2.1.2/lib/ruby/gems/2.1.0/gems/actionpack-4.1.4/lib/action_dispatch/middleware/templates/rescues/routing_error.html.erb within rescues/layout (80.1ms)


Started POST "/users.json" for 127.0.0.1 at 2014-07-23 20:29:00 -0500
Processing by UsersController#create as JSON
  Parameters: {"attuid"=>"mr5080&password=123"}
Can't verify CSRF token authenticity
Completed 422 Unprocessable Entity in 1ms

ActionController::InvalidAuthenticityToken (ActionController::InvalidAuthenticityToken):
  actionpack (4.1.4) lib/action_controller/metal/request_forgery_protection.rb:176:in `handle_unverified_request'
  actionpack (4.1.4) lib/action_controller/metal/request_forgery_protection.rb:202:in `handle_unverified_request'
  actionpack (4.1.4) lib/action_controller/metal/request_forgery_protection.rb:197:in `verify_authenticity_token'
  activesupport (4.1.4) lib/active_support/callbacks.rb:424:in `block in make_lambda'
  activesupport (4.1.4) lib/active_support/callbacks.rb:160:in `call'
  activesupport (4.1.4) lib/active_support/callbacks.rb:160:in `block in halting'
  activesupport (4.1.4) lib/active_support/callbacks.rb:86:in `call'
  activesupport (4.1.4) lib/active_support/callbacks.rb:86:in `run_callbacks'
  actionpack (4.1.4) lib/abstract_controller/callbacks.rb:19:in `process_action'
  actionpack (4.1.4) lib/action_controller/metal/rescue.rb:29:in `process_action'
  actionpack (4.1.4) lib/action_controller/metal/instrumentation.rb:31:in `block in process_action'
  activesupport (4.1.4) lib/active_support/notifications.rb:159:in `block in instrument'
  activesupport (4.1.4) lib/active_support/notifications/instrumenter.rb:20:in `instrument'
  activesupport (4.1.4) lib/active_support/notifications.rb:159:in `instrument'
  actionpack (4.1.4) lib/action_controller/metal/instrumentation.rb:30:in `process_action'
  actionpack (4.1.4) lib/action_controller/metal/params_wrapper.rb:250:in `process_action'
  activerecord (4.1.4) lib/active_record/railties/controller_runtime.rb:18:in `process_action'
  actionpack (4.1.4) lib/abstract_controller/base.rb:136:in `process'
  actionview (4.1.4) lib/action_view/rendering.rb:30:in `process'
  actionpack (4.1.4) lib/action_controller/metal.rb:196:in `dispatch'
  actionpack (4.1.4) lib/action_controller/metal/rack_delegation.rb:13:in `dispatch'
  actionpack (4.1.4) lib/action_controller/metal.rb:232:in `block in action'
  actionpack (4.1.4) lib/action_dispatch/routing/route_set.rb:82:in `call'
  actionpack (4.1.4) lib/action_dispatch/routing/route_set.rb:82:in `dispatch'
  actionpack (4.1.4) lib/action_dispatch/routing/route_set.rb:50:in `call'
  actionpack (4.1.4) lib/action_dispatch/journey/router.rb:71:in `block in call'
  actionpack (4.1.4) lib/action_dispatch/journey/router.rb:59:in `each'
  actionpack (4.1.4) lib/action_dispatch/journey/router.rb:59:in `call'
  actionpack (4.1.4) lib/action_dispatch/routing/route_set.rb:678:in `call'
  rack (1.5.2) lib/rack/etag.rb:23:in `call'
  rack (1.5.2) lib/rack/conditionalget.rb:35:in `call'
  rack (1.5.2) lib/rack/head.rb:11:in `call'
  actionpack (4.1.4) lib/action_dispatch/middleware/params_parser.rb:27:in `call'
  actionpack (4.1.4) lib/action_dispatch/middleware/flash.rb:254:in `call'
  rack (1.5.2) lib/rack/session/abstract/id.rb:225:in `context'
  rack (1.5.2) lib/rack/session/abstract/id.rb:220:in `call'
  actionpack (4.1.4) lib/action_dispatch/middleware/cookies.rb:560:in `call'
  activerecord (4.1.4) lib/active_record/query_cache.rb:36:in `call'
  activerecord (4.1.4) lib/active_record/connection_adapters/abstract/connection_pool.rb:621:in `call'
  activerecord (4.1.4) lib/active_record/migration.rb:380:in `call'
  actionpack (4.1.4) lib/action_dispatch/middleware/callbacks.rb:29:in `block in call'
  activesupport (4.1.4) lib/active_support/callbacks.rb:82:in `run_callbacks'
  actionpack (4.1.4) lib/action_dispatch/middleware/callbacks.rb:27:in `call'
  actionpack (4.1.4) lib/action_dispatch/middleware/reloader.rb:73:in `call'
  actionpack (4.1.4) lib/action_dispatch/middleware/remote_ip.rb:76:in `call'
  actionpack (4.1.4) lib/action_dispatch/middleware/debug_exceptions.rb:17:in `call'
  actionpack (4.1.4) lib/action_dispatch/middleware/show_exceptions.rb:30:in `call'
  railties (4.1.4) lib/rails/rack/logger.rb:38:in `call_app'
  railties (4.1.4) lib/rails/rack/logger.rb:20:in `block in call'
  activesupport (4.1.4) lib/active_support/tagged_logging.rb:68:in `block in tagged'
  activesupport (4.1.4) lib/active_support/tagged_logging.rb:26:in `tagged'
  activesupport (4.1.4) lib/active_support/tagged_logging.rb:68:in `tagged'
  railties (4.1.4) lib/rails/rack/logger.rb:20:in `call'
  actionpack (4.1.4) lib/action_dispatch/middleware/request_id.rb:21:in `call'
  rack (1.5.2) lib/rack/methodoverride.rb:21:in `call'
  rack (1.5.2) lib/rack/runtime.rb:17:in `call'
  activesupport (4.1.4) lib/active_support/cache/strategy/local_cache_middleware.rb:26:in `call'
  rack (1.5.2) lib/rack/lock.rb:17:in `call'
  actionpack (4.1.4) lib/action_dispatch/middleware/static.rb:64:in `call'
  rack (1.5.2) lib/rack/sendfile.rb:112:in `call'
  railties (4.1.4) lib/rails/engine.rb:514:in `call'
  railties (4.1.4) lib/rails/application.rb:144:in `call'
  rack (1.5.2) lib/rack/lock.rb:17:in `call'
  rack (1.5.2) lib/rack/content_length.rb:14:in `call'
  rack (1.5.2) lib/rack/handler/webrick.rb:60:in `service'
  /Users/mr5080/.rbenv/versions/2.1.2/lib/ruby/2.1.0/webrick/httpserver.rb:138:in `service'
  /Users/mr5080/.rbenv/versions/2.1.2/lib/ruby/2.1.0/webrick/httpserver.rb:94:in `run'
  /Users/mr5080/.rbenv/versions/2.1.2/lib/ruby/2.1.0/webrick/server.rb:295:in `block in start_thread'


  Rendered /Users/mr5080/.rbenv/versions/2.1.2/lib/ruby/gems/2.1.0/gems/actionpack-4.1.4/lib/action_dispatch/middleware/templates/rescues/_source.erb (0.6ms)
  Rendered /Users/mr5080/.rbenv/versions/2.1.2/lib/ruby/gems/2.1.0/gems/actionpack-4.1.4/lib/action_dispatch/middleware/templates/rescues/_trace.html.erb (1.4ms)
  Rendered /Users/mr5080/.rbenv/versions/2.1.2/lib/ruby/gems/2.1.0/gems/actionpack-4.1.4/lib/action_dispatch/middleware/templates/rescues/_request_and_response.html.erb (1.4ms)
  Rendered /Users/mr5080/.rbenv/versions/2.1.2/lib/ruby/gems/2.1.0/gems/actionpack-4.1.4/lib/action_dispatch/middleware/templates/rescues/diagnostics.erb within rescues/layout (25.1ms)


Started POST "/users.json" for 127.0.0.1 at 2014-07-23 20:32:17 -0500
  [1m[36mActiveRecord::SchemaMigration Load (0.2ms)[0m  [1mSELECT "schema_migrations".* FROM "schema_migrations"[0m
Processing by UsersController#create as JSON
  Parameters: {"attuid"=>"mr5080&password=123"}
  [1m[35m (0.1ms)[0m  begin transaction
  [1m[36mSQL (0.5ms)[0m  [1mINSERT INTO "users" DEFAULT VALUES[0m
  [1m[35m (1.4ms)[0m  commit transaction
  Rendered users/show.json.jbuilder (3.1ms)
Completed 500 Internal Server Error in 100ms

ActionView::Template::Error (undefined method `created_at' for #<User id: 3, attuid: nil, password: nil>):
    1: json.extract! @user, :id, :created_at, :updated_at
  app/views/users/show.json.jbuilder:1:in `_app_views_users_show_json_jbuilder___2020247712862147190_70230679198120'
  app/controllers/users_controller.rb:32:in `block (2 levels) in create'
  app/controllers/users_controller.rb:29:in `create'


  Rendered /Users/mr5080/.rbenv/versions/2.1.2/lib/ruby/gems/2.1.0/gems/actionpack-4.1.4/lib/action_dispatch/middleware/templates/rescues/_trace.html.erb (1.9ms)
  Rendered /Users/mr5080/.rbenv/versions/2.1.2/lib/ruby/gems/2.1.0/gems/actionpack-4.1.4/lib/action_dispatch/middleware/templates/rescues/_request_and_response.html.erb (1.0ms)
  Rendered /Users/mr5080/.rbenv/versions/2.1.2/lib/ruby/gems/2.1.0/gems/actionpack-4.1.4/lib/action_dispatch/middleware/templates/rescues/template_error.html.erb within rescues/layout (18.6ms)


Started POST "/users.json" for 127.0.0.1 at 2014-07-23 20:34:03 -0500
Processing by UsersController#create as JSON
  Parameters: {"user"=>"{attuid=mr5080&password=123}"}
Completed 500 Internal Server Error in 1ms

ArgumentError (When assigning attributes, you must pass a hash as an argument.):
  app/controllers/users_controller.rb:27:in `create'


  Rendered /Users/mr5080/.rbenv/versions/2.1.2/lib/ruby/gems/2.1.0/gems/actionpack-4.1.4/lib/action_dispatch/middleware/templates/rescues/_source.erb (0.7ms)
  Rendered /Users/mr5080/.rbenv/versions/2.1.2/lib/ruby/gems/2.1.0/gems/actionpack-4.1.4/lib/action_dispatch/middleware/templates/rescues/_trace.html.erb (1.4ms)
  Rendered /Users/mr5080/.rbenv/versions/2.1.2/lib/ruby/gems/2.1.0/gems/actionpack-4.1.4/lib/action_dispatch/middleware/templates/rescues/_request_and_response.html.erb (1.3ms)
  Rendered /Users/mr5080/.rbenv/versions/2.1.2/lib/ruby/gems/2.1.0/gems/actionpack-4.1.4/lib/action_dispatch/middleware/templates/rescues/diagnostics.erb within rescues/layout (19.4ms)


Started POST "/users.json" for 127.0.0.1 at 2014-07-23 20:35:54 -0500
Processing by UsersController#create as JSON
  Parameters: {"user "=>"> {attuid => mr5080, password => 123}"}
  [1m[36m (0.1ms)[0m  [1mbegin transaction[0m
  [1m[35mSQL (0.3ms)[0m  INSERT INTO "users" DEFAULT VALUES
  [1m[36m (2.4ms)[0m  [1mcommit transaction[0m
  Rendered users/show.json.jbuilder (1.2ms)
Completed 500 Internal Server Error in 8ms

ActionView::Template::Error (undefined method `created_at' for #<User id: 4, attuid: nil, password: nil>):
    1: json.extract! @user, :id, :created_at, :updated_at
  app/views/users/show.json.jbuilder:1:in `_app_views_users_show_json_jbuilder___2020247712862147190_70230679198120'
  app/controllers/users_controller.rb:32:in `block (2 levels) in create'
  app/controllers/users_controller.rb:29:in `create'


  Rendered /Users/mr5080/.rbenv/versions/2.1.2/lib/ruby/gems/2.1.0/gems/actionpack-4.1.4/lib/action_dispatch/middleware/templates/rescues/_trace.html.erb (2.0ms)
  Rendered /Users/mr5080/.rbenv/versions/2.1.2/lib/ruby/gems/2.1.0/gems/actionpack-4.1.4/lib/action_dispatch/middleware/templates/rescues/_request_and_response.html.erb (1.2ms)
  Rendered /Users/mr5080/.rbenv/versions/2.1.2/lib/ruby/gems/2.1.0/gems/actionpack-4.1.4/lib/action_dispatch/middleware/templates/rescues/template_error.html.erb within rescues/layout (16.0ms)
  [1m[36mUser Load (1.8ms)[0m  [1mSELECT "users".* FROM "users"[0m
  [1m[36mUser Load (2.6ms)[0m  [1mSELECT "users".* FROM "users"[0m
  [1m[35mUser Load (0.2ms)[0m  SELECT "users".* FROM "users"
  [1m[36mUser Load (0.3ms)[0m  [1mSELECT "users".* FROM "users"[0m
  [1m[35m (0.2ms)[0m  begin transaction
  [1m[36mSQL (0.7ms)[0m  [1mDELETE FROM "users" WHERE "users"."id" = ?[0m  [["id", 3]]
  [1m[35m (1.3ms)[0m  commit transaction
  [1m[36m (0.1ms)[0m  [1mbegin transaction[0m
  [1m[35mSQL (0.3ms)[0m  DELETE FROM "users" WHERE "users"."id" = ?  [["id", 4]]
  [1m[36m (1.1ms)[0m  [1mcommit transaction[0m
  [1m[35mUser Load (0.2ms)[0m  SELECT "users".* FROM "users"
  [1m[36m (0.1ms)[0m  [1mbegin transaction[0m
  [1m[35mSQL (0.5ms)[0m  INSERT INTO "users" ("attuid", "password") VALUES (?, ?)  [["attuid", "mr5080"], ["password", "123"]]
  [1m[36m (2.7ms)[0m  [1mcommit transaction[0m
  [1m[35mUser Load (0.3ms)[0m  SELECT  "users".* FROM "users"   ORDER BY "users"."id" ASC LIMIT 1


Started POST "/user.json" for 127.0.0.1 at 2014-07-23 20:42:01 -0500
  [1m[36mActiveRecord::SchemaMigration Load (0.2ms)[0m  [1mSELECT "schema_migrations".* FROM "schema_migrations"[0m

ActionController::RoutingError (No route matches [POST] "/user.json"):
  actionpack (4.1.4) lib/action_dispatch/middleware/debug_exceptions.rb:21:in `call'
  actionpack (4.1.4) lib/action_dispatch/middleware/show_exceptions.rb:30:in `call'
  railties (4.1.4) lib/rails/rack/logger.rb:38:in `call_app'
  railties (4.1.4) lib/rails/rack/logger.rb:20:in `block in call'
  activesupport (4.1.4) lib/active_support/tagged_logging.rb:68:in `block in tagged'
  activesupport (4.1.4) lib/active_support/tagged_logging.rb:26:in `tagged'
  activesupport (4.1.4) lib/active_support/tagged_logging.rb:68:in `tagged'
  railties (4.1.4) lib/rails/rack/logger.rb:20:in `call'
  actionpack (4.1.4) lib/action_dispatch/middleware/request_id.rb:21:in `call'
  rack (1.5.2) lib/rack/methodoverride.rb:21:in `call'
  rack (1.5.2) lib/rack/runtime.rb:17:in `call'
  activesupport (4.1.4) lib/active_support/cache/strategy/local_cache_middleware.rb:26:in `call'
  rack (1.5.2) lib/rack/lock.rb:17:in `call'
  actionpack (4.1.4) lib/action_dispatch/middleware/static.rb:64:in `call'
  rack (1.5.2) lib/rack/sendfile.rb:112:in `call'
  railties (4.1.4) lib/rails/engine.rb:514:in `call'
  railties (4.1.4) lib/rails/application.rb:144:in `call'
  rack (1.5.2) lib/rack/lock.rb:17:in `call'
  rack (1.5.2) lib/rack/content_length.rb:14:in `call'
  rack (1.5.2) lib/rack/handler/webrick.rb:60:in `service'
  /Users/mr5080/.rbenv/versions/2.1.2/lib/ruby/2.1.0/webrick/httpserver.rb:138:in `service'
  /Users/mr5080/.rbenv/versions/2.1.2/lib/ruby/2.1.0/webrick/httpserver.rb:94:in `run'
  /Users/mr5080/.rbenv/versions/2.1.2/lib/ruby/2.1.0/webrick/server.rb:295:in `block in start_thread'


  Rendered /Users/mr5080/.rbenv/versions/2.1.2/lib/ruby/gems/2.1.0/gems/actionpack-4.1.4/lib/action_dispatch/middleware/templates/rescues/_trace.html.erb (1.5ms)
  Rendered /Users/mr5080/.rbenv/versions/2.1.2/lib/ruby/gems/2.1.0/gems/actionpack-4.1.4/lib/action_dispatch/middleware/templates/routes/_route.html.erb (4.0ms)
  Rendered /Users/mr5080/.rbenv/versions/2.1.2/lib/ruby/gems/2.1.0/gems/actionpack-4.1.4/lib/action_dispatch/middleware/templates/routes/_table.html.erb (7.1ms)
  Rendered /Users/mr5080/.rbenv/versions/2.1.2/lib/ruby/gems/2.1.0/gems/actionpack-4.1.4/lib/action_dispatch/middleware/templates/rescues/routing_error.html.erb within rescues/layout (80.5ms)


Started POST "/users.json" for 127.0.0.1 at 2014-07-23 20:42:21 -0500
Processing by UsersController#create as JSON
  Parameters: {"{\"attuid\":\"mr5080\",\"password\":\"123\"}"=>"[FILTERED]"}
  [1m[35m (0.1ms)[0m  begin transaction
  [1m[36mSQL (0.4ms)[0m  [1mINSERT INTO "users" DEFAULT VALUES[0m
  [1m[35m (2.7ms)[0m  commit transaction
  Rendered users/show.json.jbuilder (4.7ms)
Completed 500 Internal Server Error in 39ms

ActionView::Template::Error (undefined method `created_at' for #<User id: 6, attuid: nil, password: nil>):
    1: json.extract! @user, :id, :created_at, :updated_at
  app/views/users/show.json.jbuilder:1:in `_app_views_users_show_json_jbuilder___4333278812809826780_70180677804500'
  app/controllers/users_controller.rb:32:in `block (2 levels) in create'
  app/controllers/users_controller.rb:29:in `create'


  Rendered /Users/mr5080/.rbenv/versions/2.1.2/lib/ruby/gems/2.1.0/gems/actionpack-4.1.4/lib/action_dispatch/middleware/templates/rescues/_trace.html.erb (1.4ms)
  Rendered /Users/mr5080/.rbenv/versions/2.1.2/lib/ruby/gems/2.1.0/gems/actionpack-4.1.4/lib/action_dispatch/middleware/templates/rescues/_request_and_response.html.erb (1.4ms)
  Rendered /Users/mr5080/.rbenv/versions/2.1.2/lib/ruby/gems/2.1.0/gems/actionpack-4.1.4/lib/action_dispatch/middleware/templates/rescues/template_error.html.erb within rescues/layout (15.8ms)


Started POST "/users.json" for 127.0.0.1 at 2014-07-23 20:44:37 -0500
  [1m[36mActiveRecord::SchemaMigration Load (0.1ms)[0m  [1mSELECT "schema_migrations".* FROM "schema_migrations"[0m
Processing by UsersController#create as JSON
  Parameters: {"{\"attuid\":\"mr5080\",\"password\":\"123\"}"=>"[FILTERED]"}
Completed 500 Internal Server Error in 19ms

NoMethodError (undefined method `pry' for #<Binding:0x007fd79f428690>):
  app/controllers/users_controller.rb:29:in `create'


  Rendered /Users/mr5080/.rbenv/versions/2.1.2/lib/ruby/gems/2.1.0/gems/actionpack-4.1.4/lib/action_dispatch/middleware/templates/rescues/_source.erb (1.0ms)
  Rendered /Users/mr5080/.rbenv/versions/2.1.2/lib/ruby/gems/2.1.0/gems/actionpack-4.1.4/lib/action_dispatch/middleware/templates/rescues/_trace.html.erb (1.4ms)
  Rendered /Users/mr5080/.rbenv/versions/2.1.2/lib/ruby/gems/2.1.0/gems/actionpack-4.1.4/lib/action_dispatch/middleware/templates/rescues/_request_and_response.html.erb (1.1ms)
  Rendered /Users/mr5080/.rbenv/versions/2.1.2/lib/ruby/gems/2.1.0/gems/actionpack-4.1.4/lib/action_dispatch/middleware/templates/rescues/diagnostics.erb within rescues/layout (27.3ms)


Started POST "/users.json" for 127.0.0.1 at 2014-07-23 20:48:53 -0500
  [1m[36mActiveRecord::SchemaMigration Load (0.2ms)[0m  [1mSELECT "schema_migrations".* FROM "schema_migrations"[0m
Processing by UsersController#create as JSON
  Parameters: {"{\"attuid\":\"mr5080\",\"password\":\"123\"}"=>"[FILTERED]"}
  [1m[35m (0.2ms)[0m  begin transaction
  [1m[36mSQL (0.6ms)[0m  [1mINSERT INTO "users" DEFAULT VALUES[0m
  [1m[35m (2.7ms)[0m  commit transaction
  Rendered users/show.json.jbuilder (4.7ms)
Completed 500 Internal Server Error in 89733ms

ActionView::Template::Error (undefined method `created_at' for #<User id: 7, attuid: nil, password: nil>):
    1: json.extract! @user, :id, :created_at, :updated_at
  app/views/users/show.json.jbuilder:1:in `_app_views_users_show_json_jbuilder___1057013392109161632_70228092955000'
  app/controllers/users_controller.rb:34:in `block (2 levels) in create'
  app/controllers/users_controller.rb:31:in `create'


  Rendered /Users/mr5080/.rbenv/versions/2.1.2/lib/ruby/gems/2.1.0/gems/actionpack-4.1.4/lib/action_dispatch/middleware/templates/rescues/_trace.html.erb (1.5ms)
  Rendered /Users/mr5080/.rbenv/versions/2.1.2/lib/ruby/gems/2.1.0/gems/actionpack-4.1.4/lib/action_dispatch/middleware/templates/rescues/_request_and_response.html.erb (1.3ms)
  Rendered /Users/mr5080/.rbenv/versions/2.1.2/lib/ruby/gems/2.1.0/gems/actionpack-4.1.4/lib/action_dispatch/middleware/templates/rescues/template_error.html.erb within rescues/layout (19.6ms)


Started POST "/users.json" for 127.0.0.1 at 2014-07-23 20:51:09 -0500
Processing by UsersController#create as JSON
  Parameters: {"\"user\":{\"attuid\":\"mr5080\",\"password\":\"123\"}"=>"[FILTERED]"}
  [1m[36m (0.1ms)[0m  [1mbegin transaction[0m
  [1m[35mSQL (0.4ms)[0m  INSERT INTO "users" DEFAULT VALUES
  [1m[36m (2.7ms)[0m  [1mcommit transaction[0m
  Rendered users/show.json.jbuilder (1.4ms)
Completed 500 Internal Server Error in 106630ms

ActionView::Template::Error (undefined method `created_at' for #<User id: 8, attuid: nil, password: nil>):
    1: json.extract! @user, :id, :created_at, :updated_at
  app/views/users/show.json.jbuilder:1:in `_app_views_users_show_json_jbuilder___1057013392109161632_70228092955000'
  app/controllers/users_controller.rb:34:in `block (2 levels) in create'
  app/controllers/users_controller.rb:31:in `create'


  Rendered /Users/mr5080/.rbenv/versions/2.1.2/lib/ruby/gems/2.1.0/gems/actionpack-4.1.4/lib/action_dispatch/middleware/templates/rescues/_trace.html.erb (1.7ms)
  Rendered /Users/mr5080/.rbenv/versions/2.1.2/lib/ruby/gems/2.1.0/gems/actionpack-4.1.4/lib/action_dispatch/middleware/templates/rescues/_request_and_response.html.erb (1.0ms)
  Rendered /Users/mr5080/.rbenv/versions/2.1.2/lib/ruby/gems/2.1.0/gems/actionpack-4.1.4/lib/action_dispatch/middleware/templates/rescues/template_error.html.erb within rescues/layout (15.4ms)


Started POST "/users.json" for 127.0.0.1 at 2014-07-23 20:54:21 -0500
Processing by UsersController#create as JSON
  Parameters: {"attuid"=>"mr5081", "password"=>"[FILTERED]", "user"=>{"attuid"=>"mr5081", "password"=>"[FILTERED]"}}
Completed 500 Internal Server Error in 1ms

ActiveModel::ForbiddenAttributesError (ActiveModel::ForbiddenAttributesError):
  app/controllers/users_controller.rb:27:in `create'


  Rendered /Users/mr5080/.rbenv/versions/2.1.2/lib/ruby/gems/2.1.0/gems/actionpack-4.1.4/lib/action_dispatch/middleware/templates/rescues/_source.erb (0.7ms)
  Rendered /Users/mr5080/.rbenv/versions/2.1.2/lib/ruby/gems/2.1.0/gems/actionpack-4.1.4/lib/action_dispatch/middleware/templates/rescues/_trace.html.erb (2.5ms)
  Rendered /Users/mr5080/.rbenv/versions/2.1.2/lib/ruby/gems/2.1.0/gems/actionpack-4.1.4/lib/action_dispatch/middleware/templates/rescues/_request_and_response.html.erb (1.3ms)
  Rendered /Users/mr5080/.rbenv/versions/2.1.2/lib/ruby/gems/2.1.0/gems/actionpack-4.1.4/lib/action_dispatch/middleware/templates/rescues/diagnostics.erb within rescues/layout (29.2ms)


Started POST "/users.json" for 127.0.0.1 at 2014-07-23 20:57:58 -0500
  [1m[36mActiveRecord::SchemaMigration Load (0.1ms)[0m  [1mSELECT "schema_migrations".* FROM "schema_migrations"[0m
Processing by UsersController#create as JSON
  Parameters: {"attuid"=>"mr5081", "password"=>"[FILTERED]", "user"=>{"attuid"=>"mr5081", "password"=>"[FILTERED]"}}
  [1m[35m (0.2ms)[0m  begin transaction
  [1m[36mSQL (0.6ms)[0m  [1mINSERT INTO "users" ("attuid", "password") VALUES (?, ?)[0m  [["attuid", "mr5081"], ["password", "123"]]
  [1m[35m (2.8ms)[0m  commit transaction
  Rendered users/show.json.jbuilder (3.2ms)
Completed 500 Internal Server Error in 32462ms

ActionView::Template::Error (undefined method `created_at' for #<User id: 9, attuid: "mr5081", password: "123">):
    1: json.extract! @user, :id, :created_at, :updated_at
  app/views/users/show.json.jbuilder:1:in `_app_views_users_show_json_jbuilder___3199768412167852569_70342646358380'
  app/controllers/users_controller.rb:34:in `block (2 levels) in create'
  app/controllers/users_controller.rb:31:in `create'


  Rendered /Users/mr5080/.rbenv/versions/2.1.2/lib/ruby/gems/2.1.0/gems/actionpack-4.1.4/lib/action_dispatch/middleware/templates/rescues/_trace.html.erb (1.5ms)
  Rendered /Users/mr5080/.rbenv/versions/2.1.2/lib/ruby/gems/2.1.0/gems/actionpack-4.1.4/lib/action_dispatch/middleware/templates/rescues/_request_and_response.html.erb (1.4ms)
  Rendered /Users/mr5080/.rbenv/versions/2.1.2/lib/ruby/gems/2.1.0/gems/actionpack-4.1.4/lib/action_dispatch/middleware/templates/rescues/template_error.html.erb within rescues/layout (21.1ms)
  [1m[36m (1.3ms)[0m  [1mCREATE TABLE "schema_migrations" ("version" varchar(255) NOT NULL) [0m
  [1m[35m (25.0ms)[0m  select sqlite_version(*)
  [1m[36m (1.6ms)[0m  [1mCREATE UNIQUE INDEX "unique_schema_migrations" ON "schema_migrations" ("version")[0m
  [1m[35mActiveRecord::SchemaMigration Load (0.2ms)[0m  SELECT "schema_migrations".* FROM "schema_migrations"
Migrating to InitialSchema (20140723213940)
  [1m[36m (0.1ms)[0m  [1mbegin transaction[0m
  [1m[35m (0.5ms)[0m  CREATE TABLE "users" ("id" INTEGER PRIMARY KEY AUTOINCREMENT NOT NULL, "attuid" varchar(255) NOT NULL, "password" varchar(255) NOT NULL, "created_at" datetime, "updated_at" datetime) 
  [1m[36m (0.4ms)[0m  [1mCREATE TABLE "questions" ("id" INTEGER PRIMARY KEY AUTOINCREMENT NOT NULL, "title" varchar(255) NOT NULL, "body" text NOT NULL, "user_id" integer NOT NULL, "tags" varchar(255), "solved_index" integer DEFAULT -1, "created_at" datetime, "updated_at" datetime) [0m
  [1m[35m (0.2ms)[0m  CREATE TABLE "answers" ("id" INTEGER PRIMARY KEY AUTOINCREMENT NOT NULL, "user_id" integer NOT NULL, "question_id" integer NOT NULL, "body" text NOT NULL, "created_at" datetime, "updated_at" datetime) 
  [1m[36m (0.1ms)[0m  [1mCREATE TABLE "comments" ("id" INTEGER PRIMARY KEY AUTOINCREMENT NOT NULL, "user_id" integer NOT NULL, "body" text NOT NULL, "commentable_id" integer NOT NULL, "commentable_type" varchar(255) NOT NULL, "created_at" datetime, "updated_at" datetime) [0m
  [1m[35mSQL (0.3ms)[0m  INSERT INTO "schema_migrations" ("version") VALUES (?)  [["version", "20140723213940"]]
  [1m[36m (1.6ms)[0m  [1mcommit transaction[0m
  [1m[35mActiveRecord::SchemaMigration Load (0.1ms)[0m  SELECT "schema_migrations".* FROM "schema_migrations"


Started POST "/users.json" for 127.0.0.1 at 2014-07-23 21:01:13 -0500
  [1m[36mActiveRecord::SchemaMigration Load (0.1ms)[0m  [1mSELECT "schema_migrations".* FROM "schema_migrations"[0m
Processing by UsersController#create as JSON
  Parameters: {"attuid"=>"mr5081", "password"=>"[FILTERED]", "user"=>{"attuid"=>"mr5081", "password"=>"[FILTERED]"}}
  [1m[35m (0.2ms)[0m  begin transaction
  [1m[36mSQL (0.6ms)[0m  [1mINSERT INTO "users" ("attuid", "created_at", "password", "updated_at") VALUES (?, ?, ?, ?)[0m  [["attuid", "mr5081"], ["created_at", "2014-07-24 02:01:21.611890"], ["password", "123"], ["updated_at", "2014-07-24 02:01:21.611890"]]
  [1m[35m (2.5ms)[0m  commit transaction
  Rendered users/show.json.jbuilder (22.2ms)
Completed 201 Created in 8321ms (Views: 31.8ms | ActiveRecord: 3.6ms)
  [1m[36mUser Load (529.2ms)[0m  [1mSELECT "users".* FROM "users"[0m
  [1m[35mUser Load (83.0ms)[0m  SELECT "users".* FROM "users"
  [1m[36m (48.9ms)[0m  [1mBEGIN[0m
  [1m[35mSQL (114.4ms)[0m  DELETE FROM "users" WHERE "users"."id" = $1  [["id", 1]]
  [1m[36m (81.0ms)[0m  [1mCOMMIT[0m
  [1m[35mUser Load (48.8ms)[0m  SELECT "users".* FROM "users"
  [1m[36mUser Load (134.2ms)[0m  [1mSELECT "users".* FROM "users"[0m
  [1m[35m (49.5ms)[0m  BEGIN
  [1m[36mSQL (91.7ms)[0m  [1mINSERT INTO "users" ("attuid", "created_at", "password", "updated_at") VALUES ($1, $2, $3, $4) RETURNING "id"[0m  [["attuid", "mr5080"], ["created_at", "2014-07-24 16:47:44.477720"], ["password", "password"], ["updated_at", "2014-07-24 16:47:44.477720"]]
  [1m[35m (46.4ms)[0m  COMMIT
  [1m[36m (42.2ms)[0m  [1mBEGIN[0m
  [1m[35mSQL (38.8ms)[0m  INSERT INTO "users" ("attuid", "created_at", "password", "updated_at") VALUES ($1, $2, $3, $4) RETURNING "id"  [["attuid", "bb9209"], ["created_at", "2014-07-24 16:48:32.489157"], ["password", "password"], ["updated_at", "2014-07-24 16:48:32.489157"]]
  [1m[36m (41.0ms)[0m  [1mCOMMIT[0m
  [1m[35m (43.8ms)[0m  BEGIN
  [1m[36mSQL (38.9ms)[0m  [1mINSERT INTO "users" ("attuid", "created_at", "password", "updated_at") VALUES ($1, $2, $3, $4) RETURNING "id"[0m  [["attuid", "jf9270"], ["created_at", "2014-07-24 16:49:17.928514"], ["password", "password"], ["updated_at", "2014-07-24 16:49:17.928514"]]
  [1m[35m (40.5ms)[0m  COMMIT
  [1m[36mUser Load (43.3ms)[0m  [1mSELECT "users".* FROM "users"[0m
  [1m[36mUser Load (56.8ms)[0m  [1mSELECT "users".* FROM "users"[0m
  [1m[35mUser Load (54.2ms)[0m  SELECT "users".* FROM "users"
  [1m[36mUser Load (41.6ms)[0m  [1mSELECT "users".* FROM "users"[0m
  [1m[36mUser Load (42.0ms)[0m  [1mSELECT "users".* FROM "users"[0m
  [1m[36mUser Load (44.5ms)[0m  [1mSELECT "users".* FROM "users"[0m
  [1m[36mUser Load (54.6ms)[0m  [1mSELECT "users".* FROM "users"[0m
  [1m[36m (884.5ms)[0m  [1mDROP TABLE "answers"[0m
  [1m[35m (1901.5ms)[0m  CREATE TABLE "answers" ("id" serial primary key, "user_id" integer NOT NULL, "question_id" integer NOT NULL, "body" text NOT NULL, "created_at" timestamp, "updated_at" timestamp) 
  [1m[36m (117.7ms)[0m  [1mDROP TABLE "comments"[0m
  [1m[35m (1470.1ms)[0m  CREATE TABLE "comments" ("id" serial primary key, "user_id" integer NOT NULL, "body" text NOT NULL, "commentable_id" integer NOT NULL, "commentable_type" character varying(255) NOT NULL, "created_at" timestamp, "updated_at" timestamp) 
  [1m[36m (97.7ms)[0m  [1mDROP TABLE "questions"[0m
  [1m[35m (1598.9ms)[0m  CREATE TABLE "questions" ("id" serial primary key, "title" character varying(255) NOT NULL, "body" text NOT NULL, "user_id" integer NOT NULL, "tags" character varying(255), "solved_index" integer DEFAULT -1, "created_at" timestamp, "updated_at" timestamp) 
  [1m[36m (145.8ms)[0m  [1mDROP TABLE "users"[0m
  [1m[35m (2421.0ms)[0m  CREATE TABLE "users" ("id" serial primary key, "attuid" character varying(255) NOT NULL, "password" character varying(255) NOT NULL, "created_at" timestamp, "updated_at" timestamp) 
  [1m[36m (122.3ms)[0m  [1mSELECT version FROM "schema_migrations"[0m
  [1m[35mActiveRecord::SchemaMigration Load (40.0ms)[0m  SELECT "schema_migrations".* FROM "schema_migrations"
  [1m[36m (1.4ms)[0m  [1mCREATE TABLE "answers" ("id" INTEGER PRIMARY KEY AUTOINCREMENT NOT NULL, "user_id" integer NOT NULL, "question_id" integer NOT NULL, "body" text NOT NULL, "created_at" datetime, "updated_at" datetime) [0m
  [1m[35m (1.3ms)[0m  CREATE TABLE "comments" ("id" INTEGER PRIMARY KEY AUTOINCREMENT NOT NULL, "user_id" integer NOT NULL, "body" text NOT NULL, "commentable_id" integer NOT NULL, "commentable_type" varchar(255) NOT NULL, "created_at" datetime, "updated_at" datetime) 
  [1m[36m (1.5ms)[0m  [1mCREATE TABLE "questions" ("id" INTEGER PRIMARY KEY AUTOINCREMENT NOT NULL, "title" varchar(255) NOT NULL, "body" text NOT NULL, "user_id" integer NOT NULL, "tags" varchar(255), "solved_index" integer DEFAULT -1, "created_at" datetime, "updated_at" datetime) [0m
  [1m[35m (1.7ms)[0m  CREATE TABLE "users" ("id" INTEGER PRIMARY KEY AUTOINCREMENT NOT NULL, "attuid" varchar(255) NOT NULL, "password" varchar(255) NOT NULL, "created_at" datetime, "updated_at" datetime) 
  [1m[36m (1.8ms)[0m  [1mCREATE TABLE "schema_migrations" ("version" varchar(255) NOT NULL) [0m
  [1m[35m (0.1ms)[0m  select sqlite_version(*)
  [1m[36m (1.5ms)[0m  [1mCREATE UNIQUE INDEX "unique_schema_migrations" ON "schema_migrations" ("version")[0m
  [1m[35m (0.2ms)[0m  SELECT version FROM "schema_migrations"
  [1m[36m (1.1ms)[0m  [1mINSERT INTO "schema_migrations" (version) VALUES ('20140723213940')[0m
  [1m[35mActiveRecord::SchemaMigration Load (0.1ms)[0m  SELECT "schema_migrations".* FROM "schema_migrations"


Started GET "/" for 127.0.0.1 at 2014-07-24 13:29:34 -0500
  [1m[36mActiveRecord::SchemaMigration Load (0.1ms)[0m  [1mSELECT "schema_migrations".* FROM "schema_migrations"[0m
Processing by Rails::WelcomeController#index as HTML
  Rendered /Users/mr5080/.rbenv/versions/2.1.2/lib/ruby/gems/2.1.0/gems/railties-4.1.4/lib/rails/templates/rails/welcome/index.html.erb (2.5ms)
Completed 200 OK in 80ms (Views: 44.7ms | ActiveRecord: 0.0ms)


Started GET "/questions" for 127.0.0.1 at 2014-07-24 13:29:41 -0500
Processing by QuestionsController#index as HTML
Completed 406 Not Acceptable in 51ms

ActionController::UnknownFormat (ActionController::UnknownFormat):
  app/controllers/questions_controller.rb:8:in `index'


  Rendered /Users/mr5080/.rbenv/versions/2.1.2/lib/ruby/gems/2.1.0/gems/actionpack-4.1.4/lib/action_dispatch/middleware/templates/rescues/_source.erb (0.7ms)
  Rendered /Users/mr5080/.rbenv/versions/2.1.2/lib/ruby/gems/2.1.0/gems/actionpack-4.1.4/lib/action_dispatch/middleware/templates/rescues/_trace.html.erb (1.5ms)
  Rendered /Users/mr5080/.rbenv/versions/2.1.2/lib/ruby/gems/2.1.0/gems/actionpack-4.1.4/lib/action_dispatch/middleware/templates/rescues/_request_and_response.html.erb (1.0ms)
  Rendered /Users/mr5080/.rbenv/versions/2.1.2/lib/ruby/gems/2.1.0/gems/actionpack-4.1.4/lib/action_dispatch/middleware/templates/rescues/diagnostics.erb within rescues/layout (27.5ms)


Started GET "/questions.json" for 127.0.0.1 at 2014-07-24 13:29:49 -0500
Processing by QuestionsController#index as JSON
  [1m[35mQuestion Load (0.2ms)[0m  SELECT "questions".* FROM "questions"
Completed 200 OK in 1ms (Views: 0.1ms | ActiveRecord: 0.2ms)
  [1m[36m (0.2ms)[0m  [1mbegin transaction[0m
  [1m[35mSQL (0.6ms)[0m  INSERT INTO "users" ("attuid", "created_at", "password", "updated_at") VALUES (?, ?, ?, ?)  [["attuid", "mr5080"], ["created_at", "2014-07-24 18:30:26.059054"], ["password", "password"], ["updated_at", "2014-07-24 18:30:26.059054"]]
  [1m[36m (1.2ms)[0m  [1mcommit transaction[0m
  [1m[35mUser Load (0.3ms)[0m  SELECT  "users".* FROM "users"   ORDER BY "users"."id" ASC LIMIT 1
  [1m[36mQuestion Load (0.2ms)[0m  [1mSELECT "questions".* FROM "questions"  WHERE "questions"."user_id" = ?[0m  [["user_id", 1]]
  [1m[35m (0.1ms)[0m  begin transaction
  [1m[36mSQL (0.4ms)[0m  [1mINSERT INTO "questions" ("body", "created_at", "title", "updated_at", "user_id") VALUES (?, ?, ?, ?, ?)[0m  [["body", "test question body"], ["created_at", "2014-07-24 18:32:52.063719"], ["title", "test 000"], ["updated_at", "2014-07-24 18:32:52.063719"], ["user_id", 1]]
  [1m[35m (1.3ms)[0m  commit transaction


Started GET "/questions.json" for 127.0.0.1 at 2014-07-24 13:33:18 -0500
Processing by QuestionsController#index as JSON
  [1m[36mQuestion Load (0.2ms)[0m  [1mSELECT "questions".* FROM "questions"[0m
Completed 200 OK in 8ms (Views: 0.2ms | ActiveRecord: 0.4ms)
  [1m[36mAnswer Load (0.2ms)[0m  [1mSELECT "answers".* FROM "answers"  WHERE "answers"."question_id" = ?[0m  [["question_id", 1]]
  [1m[35m (0.1ms)[0m  begin transaction
  [1m[36mSQL (0.6ms)[0m  [1mINSERT INTO "answers" ("body", "created_at", "question_id", "updated_at", "user_id") VALUES (?, ?, ?, ?, ?)[0m  [["body", "answer test"], ["created_at", "2014-07-24 18:34:49.014999"], ["question_id", 1], ["updated_at", "2014-07-24 18:34:49.014999"], ["user_id", 1]]
  [1m[35m (2.6ms)[0m  commit transaction


Started GET "/questions.json" for 127.0.0.1 at 2014-07-24 13:34:55 -0500
Processing by QuestionsController#index as JSON
  [1m[35mQuestion Load (0.2ms)[0m  SELECT "questions".* FROM "questions"
Completed 200 OK in 2ms (Views: 0.1ms | ActiveRecord: 0.2ms)


Started GET "/questions.json" for 127.0.0.1 at 2014-07-24 13:35:00 -0500
Processing by QuestionsController#index as JSON
  [1m[36mQuestion Load (0.2ms)[0m  [1mSELECT "questions".* FROM "questions"[0m
Completed 200 OK in 2ms (Views: 0.1ms | ActiveRecord: 0.2ms)


Started GET "/questions.json" for 127.0.0.1 at 2014-07-24 13:35:09 -0500
Processing by QuestionsController#index as JSON
  [1m[35mQuestion Load (0.2ms)[0m  SELECT "questions".* FROM "questions"
Completed 200 OK in 1ms (Views: 0.1ms | ActiveRecord: 0.2ms)


Started GET "/questions.json" for 127.0.0.1 at 2014-07-24 13:35:19 -0500
  [1m[36mActiveRecord::SchemaMigration Load (0.1ms)[0m  [1mSELECT "schema_migrations".* FROM "schema_migrations"[0m
Processing by QuestionsController#index as JSON
  [1m[35mQuestion Load (0.2ms)[0m  SELECT "questions".* FROM "questions"
Completed 200 OK in 34ms (Views: 0.2ms | ActiveRecord: 0.5ms)


Started GET "/answers.json" for 127.0.0.1 at 2014-07-24 13:35:32 -0500
Processing by AnswersController#index as JSON
  [1m[36mAnswer Load (0.2ms)[0m  [1mSELECT "answers".* FROM "answers"[0m
  Rendered answers/index.json.jbuilder (30.6ms)
Completed 200 OK in 48ms (Views: 42.7ms | ActiveRecord: 0.5ms)


Started GET "/questions.json" for 127.0.0.1 at 2014-07-24 13:38:51 -0500
  [1m[36mActiveRecord::SchemaMigration Load (0.1ms)[0m  [1mSELECT "schema_migrations".* FROM "schema_migrations"[0m
Processing by QuestionsController#index as JSON
  [1m[35mQuestion Load (0.3ms)[0m  SELECT "questions".* FROM "questions"
  [1m[36mComment Load (0.3ms)[0m  [1mSELECT "comments".* FROM "comments"  WHERE "comments"."commentable_id" = ? AND "comments"."commentable_type" = ?[0m  [["commentable_id", 1], ["commentable_type", "Question"]]
  [1m[35mAnswer Load (0.2ms)[0m  SELECT "answers".* FROM "answers"  WHERE "answers"."question_id" = ?  [["question_id", 1]]
Completed 200 OK in 85ms (Views: 0.2ms | ActiveRecord: 1.4ms)


Started GET "/questions.json" for 127.0.0.1 at 2014-07-24 13:40:09 -0500
  [1m[36mActiveRecord::SchemaMigration Load (0.1ms)[0m  [1mSELECT "schema_migrations".* FROM "schema_migrations"[0m
Processing by QuestionsController#index as JSON
  [1m[35mQuestion Load (0.2ms)[0m  SELECT "questions".* FROM "questions"
  [1m[36mUser Load (0.2ms)[0m  [1mSELECT  "users".* FROM "users"  WHERE "users"."id" = ? LIMIT 1[0m  [["id", 1]]
  [1m[35mComment Load (0.3ms)[0m  SELECT "comments".* FROM "comments"  WHERE "comments"."commentable_id" = ? AND "comments"."commentable_type" = ?  [["commentable_id", 1], ["commentable_type", "Question"]]
  [1m[36mAnswer Load (0.1ms)[0m  [1mSELECT "answers".* FROM "answers"  WHERE "answers"."question_id" = ?[0m  [["question_id", 1]]
Completed 200 OK in 81ms (Views: 0.2ms | ActiveRecord: 1.8ms)
  [1m[36m (1.3ms)[0m  [1mCREATE TABLE "answers" ("id" INTEGER PRIMARY KEY AUTOINCREMENT NOT NULL, "user_id" integer NOT NULL, "question_id" integer NOT NULL, "body" text NOT NULL, "created_at" datetime, "updated_at" datetime) [0m
  [1m[35m (0.9ms)[0m  CREATE TABLE "comments" ("id" INTEGER PRIMARY KEY AUTOINCREMENT NOT NULL, "user_id" integer NOT NULL, "body" text NOT NULL, "commentable_id" integer NOT NULL, "commentable_type" varchar(255) NOT NULL, "created_at" datetime, "updated_at" datetime) 
  [1m[36m (1.8ms)[0m  [1mCREATE TABLE "questions" ("id" INTEGER PRIMARY KEY AUTOINCREMENT NOT NULL, "title" varchar(255) NOT NULL, "body" text NOT NULL, "user_id" integer NOT NULL, "tags" varchar(255), "solved_index" integer DEFAULT -1, "created_at" datetime, "updated_at" datetime) [0m
  [1m[35m (1.6ms)[0m  CREATE TABLE "users" ("id" INTEGER PRIMARY KEY AUTOINCREMENT NOT NULL, "attuid" varchar(255) NOT NULL, "password" varchar(255) NOT NULL, "created_at" datetime, "updated_at" datetime) 
  [1m[36m (1.3ms)[0m  [1mCREATE TABLE "schema_migrations" ("version" varchar(255) NOT NULL) [0m
  [1m[35m (0.1ms)[0m  select sqlite_version(*)
  [1m[36m (1.1ms)[0m  [1mCREATE UNIQUE INDEX "unique_schema_migrations" ON "schema_migrations" ("version")[0m
  [1m[35m (0.1ms)[0m  SELECT version FROM "schema_migrations"
  [1m[36m (1.1ms)[0m  [1mINSERT INTO "schema_migrations" (version) VALUES ('20140723213940')[0m
  [1m[35mActiveRecord::SchemaMigration Load (0.1ms)[0m  SELECT "schema_migrations".* FROM "schema_migrations"


Started GET "/questions.json" for 127.0.0.1 at 2014-07-24 13:41:12 -0500
  [1m[36mActiveRecord::SchemaMigration Load (0.1ms)[0m  [1mSELECT "schema_migrations".* FROM "schema_migrations"[0m
Processing by QuestionsController#index as JSON
  [1m[35mQuestion Load (0.3ms)[0m  SELECT "questions".* FROM "questions"
Completed 200 OK in 30ms (Views: 0.6ms | ActiveRecord: 0.3ms)
  [1m[36m (0.1ms)[0m  [1mbegin transaction[0m
  [1m[35mSQL (0.6ms)[0m  INSERT INTO "users" ("attuid", "created_at", "password", "updated_at") VALUES (?, ?, ?, ?)  [["attuid", "mr5080"], ["created_at", "2014-07-24 18:42:36.605991"], ["password", "password"], ["updated_at", "2014-07-24 18:42:36.605991"]]
  [1m[36m (1.2ms)[0m  [1mcommit transaction[0m
  [1m[35m (0.1ms)[0m  begin transaction
  [1m[36mSQL (0.4ms)[0m  [1mINSERT INTO "questions" ("body", "created_at", "title", "updated_at", "user_id") VALUES (?, ?, ?, ?, ?)[0m  [["body", "test 000"], ["created_at", "2014-07-24 18:43:22.544990"], ["title", "test 000"], ["updated_at", "2014-07-24 18:43:22.544990"], ["user_id", 1]]
  [1m[35m (2.9ms)[0m  commit transaction
  [1m[36mUser Load (0.3ms)[0m  [1mSELECT  "users".* FROM "users"   ORDER BY "users"."id" ASC LIMIT 1[0m
  [1m[35mQuestion Load (0.2ms)[0m  SELECT "questions".* FROM "questions"  WHERE "questions"."user_id" = ?  [["user_id", 1]]


Started GET "/questions.json" for 127.0.0.1 at 2014-07-24 13:43:59 -0500
Processing by QuestionsController#index as JSON
  [1m[36mQuestion Load (0.2ms)[0m  [1mSELECT "questions".* FROM "questions"[0m
  [1m[35mUser Load (0.2ms)[0m  SELECT  "users".* FROM "users"  WHERE "users"."id" = ? LIMIT 1  [["id", 1]]
  [1m[36mComment Load (0.3ms)[0m  [1mSELECT "comments".* FROM "comments"  WHERE "comments"."commentable_id" = ? AND "comments"."commentable_type" = ?[0m  [["commentable_id", 1], ["commentable_type", "Question"]]
  [1m[35mAnswer Load (0.1ms)[0m  SELECT "answers".* FROM "answers"  WHERE "answers"."question_id" = ?  [["question_id", 1]]
Completed 200 OK in 47ms (Views: 0.3ms | ActiveRecord: 1.6ms)


Started GET "/questions.json" for 127.0.0.1 at 2014-07-24 13:45:01 -0500
  [1m[36mActiveRecord::SchemaMigration Load (0.1ms)[0m  [1mSELECT "schema_migrations".* FROM "schema_migrations"[0m
Processing by QuestionsController#index as JSON
  [1m[35mQuestion Load (0.2ms)[0m  SELECT "questions".* FROM "questions"
  [1m[36mUser Load (1.5ms)[0m  [1mSELECT  "users".* FROM "users"  WHERE "users"."id" = ? LIMIT 1[0m  [["id", 1]]
  [1m[35mComment Load (0.2ms)[0m  SELECT "comments".* FROM "comments"  WHERE "comments"."commentable_id" = ? AND "comments"."commentable_type" = ?  [["commentable_id", 1], ["commentable_type", "Question"]]
  [1m[36mAnswer Load (0.1ms)[0m  [1mSELECT "answers".* FROM "answers"  WHERE "answers"."question_id" = ?[0m  [["question_id", 1]]
Completed 200 OK in 73ms (Views: 0.2ms | ActiveRecord: 2.9ms)
  [1m[36mActiveRecord::SchemaMigration Load (0.1ms)[0m  [1mSELECT "schema_migrations".* FROM "schema_migrations"[0m
  [1m[35mActiveRecord::SchemaMigration Load (0.1ms)[0m  SELECT "schema_migrations".* FROM "schema_migrations"
  [1m[36mActiveRecord::SchemaMigration Load (0.1ms)[0m  [1mSELECT "schema_migrations".* FROM "schema_migrations"[0m
  [1m[35mActiveRecord::SchemaMigration Load (0.1ms)[0m  SELECT "schema_migrations".* FROM "schema_migrations"
Migrating to InitialSchema (20140723213940)
  [1m[36m (0.2ms)[0m  [1mbegin transaction[0m
  [1m[35mSQL (0.5ms)[0m  DELETE FROM "schema_migrations" WHERE "schema_migrations"."version" = '20140723213940'
  [1m[36m (1.0ms)[0m  [1mcommit transaction[0m
  [1m[35mActiveRecord::SchemaMigration Load (0.1ms)[0m  SELECT "schema_migrations".* FROM "schema_migrations"
  [1m[36mActiveRecord::SchemaMigration Load (0.1ms)[0m  [1mSELECT "schema_migrations".* FROM "schema_migrations"[0m
Migrating to InitialSchema (20140723213940)
  [1m[35m (0.0ms)[0m  begin transaction
  [1m[36m (0.3ms)[0m  [1mCREATE TABLE "users" ("id" INTEGER PRIMARY KEY AUTOINCREMENT NOT NULL, "attuid" varchar(255) NOT NULL, "password" varchar(255) NOT NULL, "created_at" datetime, "updated_at" datetime) [0m
SQLite3::SQLException: table "users" already exists: CREATE TABLE "users" ("id" INTEGER PRIMARY KEY AUTOINCREMENT NOT NULL, "attuid" varchar(255) NOT NULL, "password" varchar(255) NOT NULL, "created_at" datetime, "updated_at" datetime) 
  [1m[35m (0.1ms)[0m  rollback transaction
  [1m[36m (2.4ms)[0m  [1mCREATE TABLE "schema_migrations" ("version" varchar(255) NOT NULL) [0m
  [1m[35m (0.1ms)[0m  select sqlite_version(*)
  [1m[36m (1.2ms)[0m  [1mCREATE UNIQUE INDEX "unique_schema_migrations" ON "schema_migrations" ("version")[0m
  [1m[35mActiveRecord::SchemaMigration Load (0.1ms)[0m  SELECT "schema_migrations".* FROM "schema_migrations"
Migrating to InitialSchema (20140723213940)
  [1m[36m (0.1ms)[0m  [1mbegin transaction[0m
  [1m[35m (0.4ms)[0m  CREATE TABLE "users" ("id" INTEGER PRIMARY KEY AUTOINCREMENT NOT NULL, "attuid" varchar(255) NOT NULL, "password" varchar(255) NOT NULL, "created_at" datetime, "updated_at" datetime) 
  [1m[36m (0.1ms)[0m  [1mCREATE TABLE "questions" ("id" INTEGER PRIMARY KEY AUTOINCREMENT NOT NULL, "title" varchar(255) NOT NULL, "body" text NOT NULL, "user_id" integer NOT NULL, "tags" varchar(255), "solved_answer_id" integer, "created_at" datetime, "updated_at" datetime) [0m
  [1m[35m (0.2ms)[0m  CREATE TABLE "answers" ("id" INTEGER PRIMARY KEY AUTOINCREMENT NOT NULL, "user_id" integer NOT NULL, "question_id" integer NOT NULL, "body" text NOT NULL, "rating" integer DEFAULT 0, "created_at" datetime, "updated_at" datetime) 
  [1m[36m (0.1ms)[0m  [1mCREATE TABLE "comments" ("id" INTEGER PRIMARY KEY AUTOINCREMENT NOT NULL, "user_id" integer NOT NULL, "body" text NOT NULL, "commentable_id" integer NOT NULL, "commentable_type" varchar(255) NOT NULL, "created_at" datetime, "updated_at" datetime) [0m
  [1m[35mSQL (0.2ms)[0m  INSERT INTO "schema_migrations" ("version") VALUES (?)  [["version", "20140723213940"]]
  [1m[36m (1.5ms)[0m  [1mcommit transaction[0m
  [1m[35mActiveRecord::SchemaMigration Load (0.1ms)[0m  SELECT "schema_migrations".* FROM "schema_migrations"
  [1m[36mActiveRecord::SchemaMigration Load (0.1ms)[0m  [1mSELECT "schema_migrations".* FROM "schema_migrations"[0m
  [1m[35m (0.1ms)[0m  begin transaction
  [1m[36mSQL (0.5ms)[0m  [1mINSERT INTO "users" ("attuid", "created_at", "password", "updated_at") VALUES (?, ?, ?, ?)[0m  [["attuid", "mr5080"], ["created_at", "2014-07-24 18:52:42.631501"], ["password", "password"], ["updated_at", "2014-07-24 18:52:42.631501"]]
  [1m[35m (1.5ms)[0m  commit transaction
  [1m[36m (0.1ms)[0m  [1mbegin transaction[0m
  [1m[35mSQL (0.3ms)[0m  INSERT INTO "questions" ("body", "created_at", "title", "updated_at") VALUES (?, ?, ?, ?)  [["body", "test 000"], ["created_at", "2014-07-24 18:52:42.658370"], ["title", "test 000"], ["updated_at", "2014-07-24 18:52:42.658370"]]
SQLite3::ConstraintException: questions.user_id may not be NULL: INSERT INTO "questions" ("body", "created_at", "title", "updated_at") VALUES (?, ?, ?, ?)
  [1m[36m (0.1ms)[0m  [1mrollback transaction[0m
  [1m[36mActiveRecord::SchemaMigration Load (0.1ms)[0m  [1mSELECT "schema_migrations".* FROM "schema_migrations"[0m
  [1m[35m (0.1ms)[0m  begin transaction
  [1m[36mSQL (0.4ms)[0m  [1mINSERT INTO "users" ("attuid", "created_at", "password", "updated_at") VALUES (?, ?, ?, ?)[0m  [["attuid", "mr5080"], ["created_at", "2014-07-24 18:53:34.336914"], ["password", "password"], ["updated_at", "2014-07-24 18:53:34.336914"]]
  [1m[35m (2.6ms)[0m  commit transaction
  [1m[36m (0.1ms)[0m  [1mbegin transaction[0m
  [1m[35mSQL (0.4ms)[0m  INSERT INTO "questions" ("body", "created_at", "title", "updated_at") VALUES (?, ?, ?, ?)  [["body", "test 000"], ["created_at", "2014-07-24 18:53:34.369159"], ["title", "test 000"], ["updated_at", "2014-07-24 18:53:34.369159"]]
SQLite3::ConstraintException: questions.user_id may not be NULL: INSERT INTO "questions" ("body", "created_at", "title", "updated_at") VALUES (?, ?, ?, ?)
  [1m[36m (0.1ms)[0m  [1mrollback transaction[0m
  [1m[36mActiveRecord::SchemaMigration Load (0.1ms)[0m  [1mSELECT "schema_migrations".* FROM "schema_migrations"[0m
  [1m[35m (0.1ms)[0m  begin transaction
  [1m[36mSQL (0.4ms)[0m  [1mINSERT INTO "users" ("attuid", "created_at", "password", "updated_at") VALUES (?, ?, ?, ?)[0m  [["attuid", "mr5080"], ["created_at", "2014-07-24 18:54:14.359007"], ["password", "password"], ["updated_at", "2014-07-24 18:54:14.359007"]]
  [1m[35m (2.3ms)[0m  commit transaction
  [1m[36m (0.1ms)[0m  [1mbegin transaction[0m
  [1m[35mSQL (0.3ms)[0m  INSERT INTO "questions" ("body", "created_at", "title", "updated_at", "user_id") VALUES (?, ?, ?, ?, ?)  [["body", "test 000"], ["created_at", "2014-07-24 18:54:14.389623"], ["title", "test 000"], ["updated_at", "2014-07-24 18:54:14.389623"], ["user_id", 3]]
  [1m[36m (1.2ms)[0m  [1mcommit transaction[0m
  [1m[35mQuestion Load (0.2ms)[0m  SELECT  "questions".* FROM "questions"  WHERE "questions"."user_id" = ?  ORDER BY "questions"."id" ASC LIMIT 1  [["user_id", 3]]
  [1m[36m (0.1ms)[0m  [1mbegin transaction[0m
  [1m[35mSQL (0.3ms)[0m  INSERT INTO "answers" ("body", "created_at", "question_id", "updated_at", "user_id") VALUES (?, ?, ?, ?, ?)  [["body", "answer 000"], ["created_at", "2014-07-24 18:54:14.404283"], ["question_id", 1], ["updated_at", "2014-07-24 18:54:14.404283"], ["user_id", 3]]
  [1m[36m (1.3ms)[0m  [1mcommit transaction[0m
  [1m[35mQuestion Load (0.1ms)[0m  SELECT  "questions".* FROM "questions"  WHERE "questions"."user_id" = ?  ORDER BY "questions"."id" ASC LIMIT 1  [["user_id", 3]]
  [1m[36m (0.1ms)[0m  [1mbegin transaction[0m
  [1m[35mSQL (0.3ms)[0m  INSERT INTO "comments" ("body", "commentable_id", "commentable_type", "created_at", "updated_at", "user_id") VALUES (?, ?, ?, ?, ?, ?)  [["body", "comment 000"], ["commentable_id", 1], ["commentable_type", "Question"], ["created_at", "2014-07-24 18:54:14.415731"], ["updated_at", "2014-07-24 18:54:14.415731"], ["user_id", 3]]
  [1m[36m (1.3ms)[0m  [1mcommit transaction[0m
  [1m[35mQuestion Load (0.1ms)[0m  SELECT  "questions".* FROM "questions"  WHERE "questions"."user_id" = ?  ORDER BY "questions"."id" ASC LIMIT 1  [["user_id", 3]]
  [1m[36mAnswer Load (0.1ms)[0m  [1mSELECT  "answers".* FROM "answers"  WHERE "answers"."question_id" = ?  ORDER BY "answers"."id" ASC LIMIT 1[0m  [["question_id", 1]]
  [1m[35mComment Load (0.1ms)[0m  SELECT  "comments".* FROM "comments"  WHERE "comments"."commentable_id" = ? AND "comments"."commentable_type" = ?  ORDER BY "comments"."id" ASC LIMIT 1  [["commentable_id", 1], ["commentable_type", "Answer"]]
  [1m[36mActiveRecord::SchemaMigration Load (0.1ms)[0m  [1mSELECT "schema_migrations".* FROM "schema_migrations"[0m
  [1m[35m (0.1ms)[0m  begin transaction
  [1m[36mSQL (0.5ms)[0m  [1mINSERT INTO "users" ("attuid", "created_at", "password", "updated_at") VALUES (?, ?, ?, ?)[0m  [["attuid", "mr5080"], ["created_at", "2014-07-24 18:59:02.279029"], ["password", "password"], ["updated_at", "2014-07-24 18:59:02.279029"]]
  [1m[35m (1.3ms)[0m  commit transaction
  [1m[36m (0.1ms)[0m  [1mbegin transaction[0m
  [1m[35mSQL (0.4ms)[0m  INSERT INTO "questions" ("body", "created_at", "title", "updated_at", "user_id") VALUES (?, ?, ?, ?, ?)  [["body", "test 000"], ["created_at", "2014-07-24 18:59:02.308654"], ["title", "test 000"], ["updated_at", "2014-07-24 18:59:02.308654"], ["user_id", 4]]
  [1m[36m (1.3ms)[0m  [1mcommit transaction[0m
  [1m[35m (0.1ms)[0m  begin transaction
  [1m[36mSQL (0.4ms)[0m  [1mINSERT INTO "answers" ("body", "created_at", "question_id", "updated_at") VALUES (?, ?, ?, ?)[0m  [["body", "answer 000"], ["created_at", "2014-07-24 18:59:02.321457"], ["question_id", 2], ["updated_at", "2014-07-24 18:59:02.321457"]]
SQLite3::ConstraintException: answers.user_id may not be NULL: INSERT INTO "answers" ("body", "created_at", "question_id", "updated_at") VALUES (?, ?, ?, ?)
  [1m[35m (0.1ms)[0m  rollback transaction
  [1m[36mActiveRecord::SchemaMigration Load (0.2ms)[0m  [1mSELECT "schema_migrations".* FROM "schema_migrations"[0m
  [1m[35m (0.1ms)[0m  begin transaction
  [1m[36mSQL (0.9ms)[0m  [1mINSERT INTO "users" ("attuid", "created_at", "password", "updated_at") VALUES (?, ?, ?, ?)[0m  [["attuid", "mr5080"], ["created_at", "2014-07-24 18:59:46.459339"], ["password", "password"], ["updated_at", "2014-07-24 18:59:46.459339"]]
  [1m[35m (2.6ms)[0m  commit transaction
  [1m[36m (0.1ms)[0m  [1mbegin transaction[0m
  [1m[35mSQL (0.4ms)[0m  INSERT INTO "questions" ("body", "created_at", "title", "updated_at", "user_id") VALUES (?, ?, ?, ?, ?)  [["body", "test 000"], ["created_at", "2014-07-24 18:59:46.491816"], ["title", "test 000"], ["updated_at", "2014-07-24 18:59:46.491816"], ["user_id", 5]]
  [1m[36m (1.2ms)[0m  [1mcommit transaction[0m
  [1m[35m (0.1ms)[0m  begin transaction
  [1m[36mSQL (0.3ms)[0m  [1mINSERT INTO "answers" ("body", "created_at", "question_id", "updated_at", "user_id") VALUES (?, ?, ?, ?, ?)[0m  [["body", "answer 000"], ["created_at", "2014-07-24 18:59:46.504937"], ["question_id", 3], ["updated_at", "2014-07-24 18:59:46.504937"], ["user_id", 5]]
  [1m[35m (1.4ms)[0m  commit transaction
  [1m[36m (0.1ms)[0m  [1mbegin transaction[0m
  [1m[35mSQL (0.4ms)[0m  INSERT INTO "comments" ("body", "commentable_id", "commentable_type", "created_at", "updated_at", "user_id") VALUES (?, ?, ?, ?, ?, ?)  [["body", "question comment 000"], ["commentable_id", 3], ["commentable_type", "Question"], ["created_at", "2014-07-24 18:59:46.517306"], ["updated_at", "2014-07-24 18:59:46.517306"], ["user_id", 5]]
  [1m[36m (1.3ms)[0m  [1mcommit transaction[0m
  [1m[35m (0.1ms)[0m  begin transaction
  [1m[36mSQL (0.3ms)[0m  [1mINSERT INTO "comments" ("body", "commentable_id", "commentable_type", "created_at", "updated_at", "user_id") VALUES (?, ?, ?, ?, ?, ?)[0m  [["body", "answer comment 000"], ["commentable_id", 2], ["commentable_type", "Answer"], ["created_at", "2014-07-24 18:59:46.521671"], ["updated_at", "2014-07-24 18:59:46.521671"], ["user_id", 5]]
  [1m[35m (1.3ms)[0m  commit transaction


Started GET "/questions.json" for 127.0.0.1 at 2014-07-24 14:00:11 -0500
  [1m[36mActiveRecord::SchemaMigration Load (0.1ms)[0m  [1mSELECT "schema_migrations".* FROM "schema_migrations"[0m
Processing by QuestionsController#index as JSON
  [1m[35mQuestion Load (0.3ms)[0m  SELECT "questions".* FROM "questions"
  [1m[36mUser Load (0.2ms)[0m  [1mSELECT  "users".* FROM "users"  WHERE "users"."id" = ? LIMIT 1[0m  [["id", 3]]
  [1m[35mUser Load (0.1ms)[0m  SELECT  "users".* FROM "users"  WHERE "users"."id" = ? LIMIT 1  [["id", 4]]
  [1m[36mUser Load (0.1ms)[0m  [1mSELECT  "users".* FROM "users"  WHERE "users"."id" = ? LIMIT 1[0m  [["id", 5]]
  [1m[35mComment Load (0.2ms)[0m  SELECT "comments".* FROM "comments"  WHERE "comments"."commentable_id" = ? AND "comments"."commentable_type" = ?  [["commentable_id", 1], ["commentable_type", "Question"]]
  [1m[36mAnswer Load (0.1ms)[0m  [1mSELECT "answers".* FROM "answers"  WHERE "answers"."question_id" = ?[0m  [["question_id", 1]]
  [1m[35mComment Load (0.1ms)[0m  SELECT "comments".* FROM "comments"  WHERE "comments"."commentable_id" = ? AND "comments"."commentable_type" = ?  [["commentable_id", 2], ["commentable_type", "Question"]]
  [1m[36mAnswer Load (0.1ms)[0m  [1mSELECT "answers".* FROM "answers"  WHERE "answers"."question_id" = ?[0m  [["question_id", 2]]
  [1m[35mComment Load (0.1ms)[0m  SELECT "comments".* FROM "comments"  WHERE "comments"."commentable_id" = ? AND "comments"."commentable_type" = ?  [["commentable_id", 3], ["commentable_type", "Question"]]
  [1m[36mAnswer Load (0.1ms)[0m  [1mSELECT "answers".* FROM "answers"  WHERE "answers"."question_id" = ?[0m  [["question_id", 3]]
Completed 200 OK in 87ms (Views: 0.2ms | ActiveRecord: 2.5ms)


Started GET "/answers.json" for 127.0.0.1 at 2014-07-24 14:00:55 -0500
Processing by AnswersController#index as JSON
  [1m[35mAnswer Load (0.2ms)[0m  SELECT "answers".* FROM "answers"
  Rendered answers/index.json.jbuilder (35.5ms)
Completed 200 OK in 44ms (Views: 43.5ms | ActiveRecord: 0.2ms)


Started GET "/users.json" for 127.0.0.1 at 2014-07-24 14:01:12 -0500
Processing by UsersController#index as JSON
  [1m[36mUser Load (0.3ms)[0m  [1mSELECT "users".* FROM "users"[0m
Completed 200 OK in 3ms (Views: 0.6ms | ActiveRecord: 0.3ms)


Started GET "/comments.json" for 127.0.0.1 at 2014-07-24 14:01:45 -0500
Processing by CommentsController#index as JSON
  [1m[35mComment Load (0.2ms)[0m  SELECT "comments".* FROM "comments"
  Rendered comments/index.json.jbuilder (2.5ms)
Completed 200 OK in 7ms (Views: 5.7ms | ActiveRecord: 0.2ms)


Started GET "/comments.json" for 127.0.0.1 at 2014-07-24 14:02:34 -0500
  [1m[36mActiveRecord::SchemaMigration Load (0.1ms)[0m  [1mSELECT "schema_migrations".* FROM "schema_migrations"[0m
Processing by CommentsController#index as JSON
  [1m[35mComment Load (0.2ms)[0m  SELECT "comments".* FROM "comments"
  Rendered comments/index.json.jbuilder (9.9ms)
Completed 200 OK in 38ms (Views: 20.4ms | ActiveRecord: 0.5ms)


Started GET "/questions.json" for 127.0.0.1 at 2014-07-24 14:02:41 -0500
Processing by QuestionsController#index as JSON
  [1m[36mQuestion Load (0.2ms)[0m  [1mSELECT "questions".* FROM "questions"[0m
  [1m[35mUser Load (0.3ms)[0m  SELECT  "users".* FROM "users"  WHERE "users"."id" = ? LIMIT 1  [["id", 3]]
  [1m[36mUser Load (0.1ms)[0m  [1mSELECT  "users".* FROM "users"  WHERE "users"."id" = ? LIMIT 1[0m  [["id", 4]]
  [1m[35mUser Load (0.1ms)[0m  SELECT  "users".* FROM "users"  WHERE "users"."id" = ? LIMIT 1  [["id", 5]]
  [1m[36mComment Load (0.2ms)[0m  [1mSELECT "comments".* FROM "comments"  WHERE "comments"."commentable_id" = ? AND "comments"."commentable_type" = ?[0m  [["commentable_id", 1], ["commentable_type", "Question"]]
  [1m[35mAnswer Load (0.1ms)[0m  SELECT "answers".* FROM "answers"  WHERE "answers"."question_id" = ?  [["question_id", 1]]
  [1m[36mComment Load (0.1ms)[0m  [1mSELECT "comments".* FROM "comments"  WHERE "comments"."commentable_id" = ? AND "comments"."commentable_type" = ?[0m  [["commentable_id", 2], ["commentable_type", "Question"]]
  [1m[35mAnswer Load (0.1ms)[0m  SELECT "answers".* FROM "answers"  WHERE "answers"."question_id" = ?  [["question_id", 2]]
  [1m[36mComment Load (0.1ms)[0m  [1mSELECT "comments".* FROM "comments"  WHERE "comments"."commentable_id" = ? AND "comments"."commentable_type" = ?[0m  [["commentable_id", 3], ["commentable_type", "Question"]]
  [1m[35mAnswer Load (0.1ms)[0m  SELECT "answers".* FROM "answers"  WHERE "answers"."question_id" = ?  [["question_id", 3]]
Completed 200 OK in 67ms (Views: 57.7ms | ActiveRecord: 2.2ms)


Started GET "/users.json" for 127.0.0.1 at 2014-07-24 14:07:02 -0500
  [1m[36mActiveRecord::SchemaMigration Load (0.1ms)[0m  [1mSELECT "schema_migrations".* FROM "schema_migrations"[0m
Processing by UsersController#index as JSON
  [1m[35mUser Load (0.2ms)[0m  SELECT "users".* FROM "users"
Completed 200 OK in 28ms (Views: 0.8ms | ActiveRecord: 0.5ms)


Started GET "/questions.json" for 127.0.0.1 at 2014-07-24 14:07:09 -0500
Processing by QuestionsController#index as JSON
  [1m[36mQuestion Load (0.2ms)[0m  [1mSELECT "questions".* FROM "questions"[0m
  [1m[35mUser Load (0.3ms)[0m  SELECT  "users".* FROM "users"  WHERE "users"."id" = ? LIMIT 1  [["id", 3]]
  [1m[36mUser Load (0.1ms)[0m  [1mSELECT  "users".* FROM "users"  WHERE "users"."id" = ? LIMIT 1[0m  [["id", 4]]
  [1m[35mUser Load (0.1ms)[0m  SELECT  "users".* FROM "users"  WHERE "users"."id" = ? LIMIT 1  [["id", 5]]
  [1m[36mComment Load (0.2ms)[0m  [1mSELECT "comments".* FROM "comments"  WHERE "comments"."commentable_id" = ? AND "comments"."commentable_type" = ?[0m  [["commentable_id", 1], ["commentable_type", "Question"]]
  [1m[35mAnswer Load (0.2ms)[0m  SELECT "answers".* FROM "answers"  WHERE "answers"."question_id" = ?  [["question_id", 1]]
  [1m[36mCACHE (0.0ms)[0m  [1mSELECT  "users".* FROM "users"  WHERE "users"."id" = ? LIMIT 1[0m  [["id", 3]]
  [1m[35mComment Load (0.1ms)[0m  SELECT "comments".* FROM "comments"  WHERE "comments"."commentable_id" = ? AND "comments"."commentable_type" = ?  [["commentable_id", 1], ["commentable_type", "Answer"]]
  [1m[36mComment Load (0.1ms)[0m  [1mSELECT "comments".* FROM "comments"  WHERE "comments"."commentable_id" = ? AND "comments"."commentable_type" = ?[0m  [["commentable_id", 2], ["commentable_type", "Question"]]
  [1m[35mAnswer Load (0.1ms)[0m  SELECT "answers".* FROM "answers"  WHERE "answers"."question_id" = ?  [["question_id", 2]]
  [1m[36mComment Load (0.1ms)[0m  [1mSELECT "comments".* FROM "comments"  WHERE "comments"."commentable_id" = ? AND "comments"."commentable_type" = ?[0m  [["commentable_id", 3], ["commentable_type", "Question"]]
  [1m[35mAnswer Load (0.1ms)[0m  SELECT "answers".* FROM "answers"  WHERE "answers"."question_id" = ?  [["question_id", 3]]
  [1m[36mCACHE (0.0ms)[0m  [1mSELECT  "users".* FROM "users"  WHERE "users"."id" = ? LIMIT 1[0m  [["id", 5]]
  [1m[35mComment Load (0.1ms)[0m  SELECT "comments".* FROM "comments"  WHERE "comments"."commentable_id" = ? AND "comments"."commentable_type" = ?  [["commentable_id", 2], ["commentable_type", "Answer"]]
Completed 200 OK in 70ms (Views: 55.8ms | ActiveRecord: 2.3ms)


Started GET "/questions.json" for 127.0.0.1 at 2014-07-24 14:08:56 -0500
  [1m[36mActiveRecord::SchemaMigration Load (0.1ms)[0m  [1mSELECT "schema_migrations".* FROM "schema_migrations"[0m
Processing by QuestionsController#index as JSON
  [1m[35mQuestion Load (0.2ms)[0m  SELECT "questions".* FROM "questions"
  [1m[36mUser Load (0.2ms)[0m  [1mSELECT  "users".* FROM "users"  WHERE "users"."id" = ? LIMIT 1[0m  [["id", 3]]
  [1m[35mUser Load (0.1ms)[0m  SELECT  "users".* FROM "users"  WHERE "users"."id" = ? LIMIT 1  [["id", 4]]
  [1m[36mUser Load (0.1ms)[0m  [1mSELECT  "users".* FROM "users"  WHERE "users"."id" = ? LIMIT 1[0m  [["id", 5]]
  [1m[35mComment Load (0.2ms)[0m  SELECT "comments".* FROM "comments"  WHERE "comments"."commentable_id" = ? AND "comments"."commentable_type" = ?  [["commentable_id", 1], ["commentable_type", "Question"]]
  [1m[36mCACHE (0.0ms)[0m  [1mSELECT  "users".* FROM "users"  WHERE "users"."id" = ? LIMIT 1[0m  [["id", 3]]
  [1m[35mAnswer Load (0.2ms)[0m  SELECT "answers".* FROM "answers"  WHERE "answers"."question_id" = ?  [["question_id", 1]]
  [1m[36mCACHE (0.0ms)[0m  [1mSELECT  "users".* FROM "users"  WHERE "users"."id" = ? LIMIT 1[0m  [["id", 3]]
  [1m[35mComment Load (0.1ms)[0m  SELECT "comments".* FROM "comments"  WHERE "comments"."commentable_id" = ? AND "comments"."commentable_type" = ?  [["commentable_id", 1], ["commentable_type", "Answer"]]
  [1m[36mComment Load (0.1ms)[0m  [1mSELECT "comments".* FROM "comments"  WHERE "comments"."commentable_id" = ? AND "comments"."commentable_type" = ?[0m  [["commentable_id", 2], ["commentable_type", "Question"]]
  [1m[35mAnswer Load (0.1ms)[0m  SELECT "answers".* FROM "answers"  WHERE "answers"."question_id" = ?  [["question_id", 2]]
  [1m[36mComment Load (0.1ms)[0m  [1mSELECT "comments".* FROM "comments"  WHERE "comments"."commentable_id" = ? AND "comments"."commentable_type" = ?[0m  [["commentable_id", 3], ["commentable_type", "Question"]]
  [1m[35mCACHE (0.0ms)[0m  SELECT  "users".* FROM "users"  WHERE "users"."id" = ? LIMIT 1  [["id", 5]]
  [1m[36mAnswer Load (0.1ms)[0m  [1mSELECT "answers".* FROM "answers"  WHERE "answers"."question_id" = ?[0m  [["question_id", 3]]
  [1m[35mCACHE (0.0ms)[0m  SELECT  "users".* FROM "users"  WHERE "users"."id" = ? LIMIT 1  [["id", 5]]
  [1m[36mComment Load (0.1ms)[0m  [1mSELECT "comments".* FROM "comments"  WHERE "comments"."commentable_id" = ? AND "comments"."commentable_type" = ?[0m  [["commentable_id", 2], ["commentable_type", "Answer"]]
  [1m[35mCACHE (0.0ms)[0m  SELECT  "users".* FROM "users"  WHERE "users"."id" = ? LIMIT 1  [["id", 5]]
Completed 200 OK in 91ms (Views: 63.0ms | ActiveRecord: 2.9ms)


Started GET "/answers.json" for 127.0.0.1 at 2014-07-24 14:09:51 -0500
Processing by AnswersController#index as JSON
  [1m[36mAnswer Load (0.2ms)[0m  [1mSELECT "answers".* FROM "answers"[0m
  Rendered answers/index.json.jbuilder (7.3ms)
Completed 200 OK in 17ms (Views: 16.2ms | ActiveRecord: 0.2ms)


Started GET "/answers.json" for 127.0.0.1 at 2014-07-24 14:11:14 -0500
Processing by AnswersController#index as JSON
  [1m[35mAnswer Load (0.4ms)[0m  SELECT "answers".* FROM "answers"
  [1m[36mUser Load (0.1ms)[0m  [1mSELECT  "users".* FROM "users"  WHERE "users"."id" = ? LIMIT 1[0m  [["id", 3]]
  [1m[35mUser Load (0.1ms)[0m  SELECT  "users".* FROM "users"  WHERE "users"."id" = ? LIMIT 1  [["id", 5]]
  [1m[36mComment Load (0.2ms)[0m  [1mSELECT "comments".* FROM "comments"  WHERE "comments"."commentable_id" = ? AND "comments"."commentable_type" = ?[0m  [["commentable_id", 1], ["commentable_type", "Answer"]]
  [1m[35mComment Load (0.1ms)[0m  SELECT "comments".* FROM "comments"  WHERE "comments"."commentable_id" = ? AND "comments"."commentable_type" = ?  [["commentable_id", 2], ["commentable_type", "Answer"]]
  [1m[36mCACHE (0.0ms)[0m  [1mSELECT  "users".* FROM "users"  WHERE "users"."id" = ? LIMIT 1[0m  [["id", 5]]
Completed 200 OK in 29ms (Views: 23.5ms | ActiveRecord: 1.7ms)


Started GET "/comments.json" for 127.0.0.1 at 2014-07-24 14:11:49 -0500
Processing by CommentsController#index as JSON
  [1m[35mComment Load (0.2ms)[0m  SELECT "comments".* FROM "comments"
  [1m[36mUser Load (0.1ms)[0m  [1mSELECT  "users".* FROM "users"  WHERE "users"."id" = ? LIMIT 1[0m  [["id", 3]]
  [1m[35mUser Load (0.1ms)[0m  SELECT  "users".* FROM "users"  WHERE "users"."id" = ? LIMIT 1  [["id", 5]]
  [1m[36mCACHE (0.0ms)[0m  [1mSELECT  "users".* FROM "users"  WHERE "users"."id" = ? LIMIT 1[0m  [["id", 5]]
Completed 200 OK in 3ms (Views: 2.3ms | ActiveRecord: 0.3ms)
