Started GET "/users.json" for 127.0.0.1 at 2014-07-24 11:41:29 -0500
  [1m[36mActiveRecord::SchemaMigration Load (0.4ms)[0m  [1mSELECT "schema_migrations".* FROM "schema_migrations"[0m
Processing by UsersController#index as JSON
  [1m[35mUser Load (0.4ms)[0m  SELECT "users".* FROM "users"
Completed 200 OK in 80ms (Views: 24.3ms | ActiveRecord: 0.6ms)
  [1m[36m (29.2ms)[0m  [1mDROP TABLE "answers"[0m
  [1m[35m (1.3ms)[0m  CREATE TABLE "answers" ("id" INTEGER PRIMARY KEY AUTOINCREMENT NOT NULL, "user_id" integer NOT NULL, "question_id" integer NOT NULL, "body" text NOT NULL, "created_at" datetime, "updated_at" datetime) 
  [1m[36m (1.4ms)[0m  [1mDROP TABLE "comments"[0m
  [1m[35m (1.4ms)[0m  CREATE TABLE "comments" ("id" INTEGER PRIMARY KEY AUTOINCREMENT NOT NULL, "user_id" integer NOT NULL, "body" text NOT NULL, "commentable_id" integer NOT NULL, "commentable_type" varchar(255) NOT NULL, "created_at" datetime, "updated_at" datetime) 
  [1m[36m (31.1ms)[0m  [1mDROP TABLE "questions"[0m
  [1m[35m (1.8ms)[0m  CREATE TABLE "questions" ("id" INTEGER PRIMARY KEY AUTOINCREMENT NOT NULL, "title" varchar(255) NOT NULL, "body" text NOT NULL, "user_id" integer NOT NULL, "tags" varchar(255), "solved_index" integer DEFAULT -1, "created_at" datetime, "updated_at" datetime) 
  [1m[36m (1.5ms)[0m  [1mDROP TABLE "users"[0m
  [1m[35m (1.5ms)[0m  CREATE TABLE "users" ("id" INTEGER PRIMARY KEY AUTOINCREMENT NOT NULL, "attuid" varchar(255) NOT NULL, "password" varchar(255) NOT NULL, "created_at" datetime, "updated_at" datetime) 
  [1m[36m (0.1ms)[0m  [1mSELECT version FROM "schema_migrations"[0m
  [1m[35mActiveRecord::SchemaMigration Load (0.1ms)[0m  SELECT "schema_migrations".* FROM "schema_migrations"
Started GET "/users.json" for 127.0.0.1 at 2014-07-24 11:49:53 -0500
  [1m[36mActiveRecord::SchemaMigration Load (0.4ms)[0m  [1mSELECT "schema_migrations".* FROM "schema_migrations"[0m
Processing by UsersController#index as JSON
  [1m[35mUser Load (0.4ms)[0m  SELECT "users".* FROM "users"
Completed 200 OK in 45ms (Views: 0.2ms | ActiveRecord: 0.4ms)
Started GET "/users.json" for 127.0.0.1 at 2014-07-24 11:49:56 -0500
Processing by UsersController#index as JSON
  [1m[36mUser Load (0.2ms)[0m  [1mSELECT "users".* FROM "users"[0m
Completed 200 OK in 1ms (Views: 0.2ms | ActiveRecord: 0.2ms)
Started GET "/users.json" for 127.0.0.1 at 2014-07-24 11:50:46 -0500
Processing by UsersController#index as JSON
  [1m[35mUser Load (0.2ms)[0m  SELECT "users".* FROM "users"
Completed 200 OK in 1ms (Views: 0.2ms | ActiveRecord: 0.2ms)
Started GET "/users.json" for 127.0.0.1 at 2014-07-24 11:50:48 -0500
Processing by UsersController#index as JSON
  [1m[36mUser Load (0.2ms)[0m  [1mSELECT "users".* FROM "users"[0m
Completed 200 OK in 1ms (Views: 0.2ms | ActiveRecord: 0.2ms)
Started GET "/users.json" for 127.0.0.1 at 2014-07-24 11:50:48 -0500
Processing by UsersController#index as JSON
  [1m[35mUser Load (0.2ms)[0m  SELECT "users".* FROM "users"
Completed 200 OK in 1ms (Views: 0.1ms | ActiveRecord: 0.2ms)
Started GET "/users.json" for 127.0.0.1 at 2014-07-24 11:50:49 -0500
Processing by UsersController#index as JSON
  [1m[36mUser Load (0.2ms)[0m  [1mSELECT "users".* FROM "users"[0m
Completed 200 OK in 1ms (Views: 0.2ms | ActiveRecord: 0.2ms)
  [1m[36m (1.9ms)[0m  [1mDROP TABLE "answers"[0m
  [1m[35m (1.8ms)[0m  CREATE TABLE "answers" ("id" INTEGER PRIMARY KEY AUTOINCREMENT NOT NULL, "user_id" integer NOT NULL, "question_id" integer NOT NULL, "body" text NOT NULL, "created_at" datetime, "updated_at" datetime) 
  [1m[36m (1.5ms)[0m  [1mDROP TABLE "comments"[0m
  [1m[35m (1.4ms)[0m  CREATE TABLE "comments" ("id" INTEGER PRIMARY KEY AUTOINCREMENT NOT NULL, "user_id" integer NOT NULL, "body" text NOT NULL, "commentable_id" integer NOT NULL, "commentable_type" varchar(255) NOT NULL, "created_at" datetime, "updated_at" datetime) 
  [1m[36m (26.5ms)[0m  [1mDROP TABLE "questions"[0m
  [1m[35m (1.6ms)[0m  CREATE TABLE "questions" ("id" INTEGER PRIMARY KEY AUTOINCREMENT NOT NULL, "title" varchar(255) NOT NULL, "body" text NOT NULL, "user_id" integer NOT NULL, "tags" varchar(255), "solved_index" integer DEFAULT -1, "created_at" datetime, "updated_at" datetime) 
  [1m[36m (1.5ms)[0m  [1mDROP TABLE "users"[0m
  [1m[35m (1.6ms)[0m  CREATE TABLE "users" ("id" INTEGER PRIMARY KEY AUTOINCREMENT NOT NULL, "attuid" varchar(255) NOT NULL, "password" varchar(255) NOT NULL, "created_at" datetime, "updated_at" datetime) 
  [1m[36m (14.0ms)[0m  [1mSELECT version FROM "schema_migrations"[0m
  [1m[35mActiveRecord::SchemaMigration Load (0.1ms)[0m  SELECT "schema_migrations".* FROM "schema_migrations"
  [1m[36m (2.9ms)[0m  [1mCREATE TABLE "answers" ("id" INTEGER PRIMARY KEY AUTOINCREMENT NOT NULL, "user_id" integer NOT NULL, "question_id" integer NOT NULL, "body" text NOT NULL, "created_at" datetime, "updated_at" datetime) [0m
  [1m[35m (1.2ms)[0m  CREATE TABLE "comments" ("id" INTEGER PRIMARY KEY AUTOINCREMENT NOT NULL, "user_id" integer NOT NULL, "body" text NOT NULL, "commentable_id" integer NOT NULL, "commentable_type" varchar(255) NOT NULL, "created_at" datetime, "updated_at" datetime) 
  [1m[36m (1.3ms)[0m  [1mCREATE TABLE "questions" ("id" INTEGER PRIMARY KEY AUTOINCREMENT NOT NULL, "title" varchar(255) NOT NULL, "body" text NOT NULL, "user_id" integer NOT NULL, "tags" varchar(255), "solved_index" integer DEFAULT -1, "created_at" datetime, "updated_at" datetime) [0m
  [1m[35m (1.1ms)[0m  CREATE TABLE "users" ("id" INTEGER PRIMARY KEY AUTOINCREMENT NOT NULL, "attuid" varchar(255) NOT NULL, "password" varchar(255) NOT NULL, "created_at" datetime, "updated_at" datetime) 
  [1m[36m (1.3ms)[0m  [1mCREATE TABLE "schema_migrations" ("version" varchar(255) NOT NULL) [0m
  [1m[35m (0.1ms)[0m  select sqlite_version(*)
  [1m[36m (1.7ms)[0m  [1mCREATE UNIQUE INDEX "unique_schema_migrations" ON "schema_migrations" ("version")[0m
  [1m[35m (0.1ms)[0m  SELECT version FROM "schema_migrations"
  [1m[36m (1.3ms)[0m  [1mINSERT INTO "schema_migrations" (version) VALUES ('20140723213940')[0m
  [1m[35mActiveRecord::SchemaMigration Load (0.1ms)[0m  SELECT "schema_migrations".* FROM "schema_migrations"
  [1m[36m (2.7ms)[0m  [1mDROP TABLE "answers"[0m
  [1m[35m (1.5ms)[0m  CREATE TABLE "answers" ("id" INTEGER PRIMARY KEY AUTOINCREMENT NOT NULL, "user_id" integer NOT NULL, "question_id" integer NOT NULL, "body" text NOT NULL, "created_at" datetime, "updated_at" datetime) 
  [1m[36m (1.6ms)[0m  [1mDROP TABLE "comments"[0m
  [1m[35m (1.9ms)[0m  CREATE TABLE "comments" ("id" INTEGER PRIMARY KEY AUTOINCREMENT NOT NULL, "user_id" integer NOT NULL, "body" text NOT NULL, "commentable_id" integer NOT NULL, "commentable_type" varchar(255) NOT NULL, "created_at" datetime, "updated_at" datetime) 
  [1m[36m (1.2ms)[0m  [1mDROP TABLE "questions"[0m
  [1m[35m (1.5ms)[0m  CREATE TABLE "questions" ("id" INTEGER PRIMARY KEY AUTOINCREMENT NOT NULL, "title" varchar(255) NOT NULL, "body" text NOT NULL, "user_id" integer NOT NULL, "tags" varchar(255), "solved_index" integer DEFAULT -1, "created_at" datetime, "updated_at" datetime) 
  [1m[36m (1.7ms)[0m  [1mDROP TABLE "users"[0m
  [1m[35m (1.8ms)[0m  CREATE TABLE "users" ("id" INTEGER PRIMARY KEY AUTOINCREMENT NOT NULL, "attuid" varchar(255) NOT NULL, "password" varchar(255) NOT NULL, "created_at" datetime, "updated_at" datetime) 
  [1m[36m (0.1ms)[0m  [1mSELECT version FROM "schema_migrations"[0m
  [1m[35mActiveRecord::SchemaMigration Load (0.1ms)[0m  SELECT "schema_migrations".* FROM "schema_migrations"
  [1m[36m (2.4ms)[0m  [1mDROP TABLE "answers"[0m
  [1m[35m (1.2ms)[0m  CREATE TABLE "answers" ("id" INTEGER PRIMARY KEY AUTOINCREMENT NOT NULL, "user_id" integer NOT NULL, "question_id" integer NOT NULL, "body" text NOT NULL, "created_at" datetime, "updated_at" datetime) 
  [1m[36m (1.4ms)[0m  [1mDROP TABLE "comments"[0m
  [1m[35m (1.5ms)[0m  CREATE TABLE "comments" ("id" INTEGER PRIMARY KEY AUTOINCREMENT NOT NULL, "user_id" integer NOT NULL, "body" text NOT NULL, "commentable_id" integer NOT NULL, "commentable_type" varchar(255) NOT NULL, "created_at" datetime, "updated_at" datetime) 
  [1m[36m (38.6ms)[0m  [1mDROP TABLE "questions"[0m
  [1m[35m (1.6ms)[0m  CREATE TABLE "questions" ("id" INTEGER PRIMARY KEY AUTOINCREMENT NOT NULL, "title" varchar(255) NOT NULL, "body" text NOT NULL, "user_id" integer NOT NULL, "tags" varchar(255), "solved_index" integer DEFAULT -1, "created_at" datetime, "updated_at" datetime) 
  [1m[36m (1.4ms)[0m  [1mDROP TABLE "users"[0m
  [1m[35m (1.6ms)[0m  CREATE TABLE "users" ("id" INTEGER PRIMARY KEY AUTOINCREMENT NOT NULL, "attuid" varchar(255) NOT NULL, "password" varchar(255) NOT NULL, "created_at" datetime, "updated_at" datetime) 
  [1m[36m (0.1ms)[0m  [1mSELECT version FROM "schema_migrations"[0m
  [1m[35mActiveRecord::SchemaMigration Load (0.1ms)[0m  SELECT "schema_migrations".* FROM "schema_migrations"
  [1m[36m (2.4ms)[0m  [1mCREATE TABLE "answers" ("id" INTEGER PRIMARY KEY AUTOINCREMENT NOT NULL, "user_id" integer NOT NULL, "question_id" integer NOT NULL, "body" text NOT NULL, "created_at" datetime, "updated_at" datetime) [0m
  [1m[35m (1.2ms)[0m  CREATE TABLE "comments" ("id" INTEGER PRIMARY KEY AUTOINCREMENT NOT NULL, "user_id" integer NOT NULL, "body" text NOT NULL, "commentable_id" integer NOT NULL, "commentable_type" varchar(255) NOT NULL, "created_at" datetime, "updated_at" datetime) 
  [1m[36m (1.0ms)[0m  [1mCREATE TABLE "questions" ("id" INTEGER PRIMARY KEY AUTOINCREMENT NOT NULL, "title" varchar(255) NOT NULL, "body" text NOT NULL, "user_id" integer NOT NULL, "tags" varchar(255), "solved_index" integer DEFAULT -1, "created_at" datetime, "updated_at" datetime) [0m
  [1m[35m (1.2ms)[0m  CREATE TABLE "users" ("id" INTEGER PRIMARY KEY AUTOINCREMENT NOT NULL, "attuid" varchar(255) NOT NULL, "password" varchar(255) NOT NULL, "created_at" datetime, "updated_at" datetime) 
  [1m[36m (2.0ms)[0m  [1mCREATE TABLE "schema_migrations" ("version" varchar(255) NOT NULL) [0m
  [1m[35m (0.1ms)[0m  select sqlite_version(*)
  [1m[36m (1.2ms)[0m  [1mCREATE UNIQUE INDEX "unique_schema_migrations" ON "schema_migrations" ("version")[0m
  [1m[35m (0.1ms)[0m  SELECT version FROM "schema_migrations"
  [1m[36m (1.6ms)[0m  [1mINSERT INTO "schema_migrations" (version) VALUES ('20140723213940')[0m
  [1m[36m (80.9ms)[0m  [1mCREATE TABLE "answers" ("id" INTEGER PRIMARY KEY AUTOINCREMENT NOT NULL, "user_id" integer NOT NULL, "question_id" integer NOT NULL, "body" text NOT NULL, "created_at" datetime, "updated_at" datetime) [0m
  [1m[35m (1.5ms)[0m  CREATE TABLE "comments" ("id" INTEGER PRIMARY KEY AUTOINCREMENT NOT NULL, "user_id" integer NOT NULL, "body" text NOT NULL, "commentable_id" integer NOT NULL, "commentable_type" varchar(255) NOT NULL, "created_at" datetime, "updated_at" datetime) 
  [1m[36m (1.4ms)[0m  [1mCREATE TABLE "questions" ("id" INTEGER PRIMARY KEY AUTOINCREMENT NOT NULL, "title" varchar(255) NOT NULL, "body" text NOT NULL, "user_id" integer NOT NULL, "tags" varchar(255), "solved_index" integer DEFAULT -1, "created_at" datetime, "updated_at" datetime) [0m
  [1m[35m (1.5ms)[0m  CREATE TABLE "users" ("id" INTEGER PRIMARY KEY AUTOINCREMENT NOT NULL, "attuid" varchar(255) NOT NULL, "password" varchar(255) NOT NULL, "created_at" datetime, "updated_at" datetime) 
  [1m[36m (1.3ms)[0m  [1mCREATE TABLE "schema_migrations" ("version" varchar(255) NOT NULL) [0m
  [1m[35m (0.1ms)[0m  select sqlite_version(*)
  [1m[36m (1.5ms)[0m  [1mCREATE UNIQUE INDEX "unique_schema_migrations" ON "schema_migrations" ("version")[0m
  [1m[35m (0.2ms)[0m  SELECT version FROM "schema_migrations"
  [1m[36m (1.5ms)[0m  [1mINSERT INTO "schema_migrations" (version) VALUES ('20140723213940')[0m
  [1m[35mActiveRecord::SchemaMigration Load (0.1ms)[0m  SELECT "schema_migrations".* FROM "schema_migrations"
  [1m[36mUser Load (2.3ms)[0m  [1mSELECT "users".* FROM "users"[0m
  [1m[36m (1.6ms)[0m  [1mDROP TABLE "answers"[0m
  [1m[35m (1.4ms)[0m  CREATE TABLE "answers" ("id" INTEGER PRIMARY KEY AUTOINCREMENT NOT NULL, "user_id" integer NOT NULL, "question_id" integer NOT NULL, "body" text NOT NULL, "created_at" datetime, "updated_at" datetime) 
  [1m[36m (1.4ms)[0m  [1mDROP TABLE "comments"[0m
  [1m[35m (2.3ms)[0m  CREATE TABLE "comments" ("id" INTEGER PRIMARY KEY AUTOINCREMENT NOT NULL, "user_id" integer NOT NULL, "body" text NOT NULL, "commentable_id" integer NOT NULL, "commentable_type" varchar(255) NOT NULL, "created_at" datetime, "updated_at" datetime) 
  [1m[36m (1.4ms)[0m  [1mDROP TABLE "questions"[0m
  [1m[35m (1.5ms)[0m  CREATE TABLE "questions" ("id" INTEGER PRIMARY KEY AUTOINCREMENT NOT NULL, "title" varchar(255) NOT NULL, "body" text NOT NULL, "user_id" integer NOT NULL, "tags" varchar(255), "solved_index" integer DEFAULT -1, "created_at" datetime, "updated_at" datetime) 
  [1m[36m (1.5ms)[0m  [1mDROP TABLE "users"[0m
  [1m[35m (1.4ms)[0m  CREATE TABLE "users" ("id" INTEGER PRIMARY KEY AUTOINCREMENT NOT NULL, "attuid" varchar(255) NOT NULL, "password" varchar(255) NOT NULL, "created_at" datetime, "updated_at" datetime) 
  [1m[36m (0.1ms)[0m  [1mSELECT version FROM "schema_migrations"[0m
  [1m[35mActiveRecord::SchemaMigration Load (0.1ms)[0m  SELECT "schema_migrations".* FROM "schema_migrations"
